0:100  0:100  MemLog inited, TSC freq: 2712405080
0:100  0:000  CPU was calibrated with RTC
0:100  0:000  
0:100  0:000  Now is 20.8.2019,  15:40:25 (GMT)
0:100  0:000  Starting Clover revision: 4701.RM-4963.24249(ca6cca7c.a0344119e7)  on American Megatrends EFI
0:100  0:000  Build with: [Args: -mc --no-usb -D NO_GRUB_DRIVERS_EMBEDDED -t XCODE8 | -D DISABLE_USB_SUPPORT -D NO_GRUB_DRIVERS_EMBEDDED --conf=/Users/rehabman/Projects/clover.git/src/edk2/Conf -D USE_BIOS_BLOCKIO -D USE_LOW_EBDA -a X64 -b RELEASE -t XCODE8 -n 9 | OS: 10.14 | XCODE: 9.4.1]
0:100  0:000  SelfDevicePath=PciRoot(0x0)\Pci(0x17,0x0)\Sata(0x0,0xFFFF,0x0)\HD(1,GPT,F8A8E464-C163-41B2-B2CD-3E9A914764E8,0x28,0x64000) @774B0918
0:100  0:000  SelfDirPath = \EFI\BOOT
0:101  0:001  === [ Get Smbios ] ========================================
0:101  0:000  Type 16 Index = 0
0:101  0:000  Total Memory Slots Count = 2
0:101  0:000  Type 17 Index = 0
0:101  0:000  SmbiosTable.Type17->Speed = 2400MHz
0:101  0:000  SmbiosTable.Type17->Size = 8192MB
0:101  0:000  SmbiosTable.Type17->Bank/Device = BANK 0 DIMM A
0:101  0:000  SmbiosTable.Type17->Vendor = Micron
0:101  0:000  SmbiosTable.Type17->SerialNumber = 17F737B4
0:101  0:000  SmbiosTable.Type17->PartNumber = 8ATF1G64HZ-2G3H1    
0:101  0:000  Type 17 Index = 1
0:101  0:000  SmbiosTable.Type17->Speed = 2400MHz
0:101  0:000  SmbiosTable.Type17->Size = 8192MB
0:101  0:000  SmbiosTable.Type17->Bank/Device = BANK 2 DIMM B
0:101  0:000  SmbiosTable.Type17->Vendor = Kingston
0:101  0:000  SmbiosTable.Type17->SerialNumber = 8C20EEB9
0:101  0:000  SmbiosTable.Type17->PartNumber = 9905700-024.A00G    
0:101  0:000  Boot status=0
0:101  0:000  Running on: 'Inspiron 5567' with board '0C6XG5'
0:101  0:000  === [ GetCPUProperties ] ==================================
0:101  0:000  CPU Vendor = 756E6547 Model=806E9
0:101  0:000   The CPU supported SSE4.1
0:101  0:000  BrandString = Intel(R) Core(TM) i5-7200U CPU @ 2.50GHz
0:101  0:000   The CPU supported turbo
0:101  0:000  MSR 0x35               20004
0:101  0:000   TSC/CCC Information Leaf:
0:101  0:000    numerator     : 226
0:101  0:000    denominator   : 2
0:101  0:000   Calibrated ARTFrequency: 24003584
0:101  0:000  MSR 0xE2 before patch 1E008005
0:101  0:000  MSR 0xE2 is locked, PM patches will be turned on
0:101  0:000  MSR 0xCE              0004043D_F1011B00
0:101  0:000  corrected FLEX_RATIO = 0
0:101  0:000  MSR 0x1B0             00000000
0:101  0:000  FSBFrequency = 89 MHz, DMI FSBFrequency = 100 MHz, Corrected FSBFrequency = 100 MHz
0:101  0:000  MaxDiv/MinDiv: 27.0/4
0:101  0:000  Turbo: 31/31/31/31
0:101  0:000  Features: 0xBFEBFBFF
0:101  0:000  Threads: 4
0:101  0:000  Cores: 2
0:101  0:000  FSB: 100 MHz
0:101  0:000  CPU: 2400 MHz
0:101  0:000  TSC: 2400 MHz
0:101  0:000  PIS: 100 MHz
0:101  0:000  ExternalClock: 25 MHz
0:101  0:000  === [ GetDevices ] ========================================
0:101  0:000  PCI (00|00:00.00) : 8086 5904 class=060000
0:101  0:000  PCI (00|00:02.00) : 8086 5916 class=030000
0:101  0:000   - GFX: Model=Intel HD Graphics 620 (Intel)
0:101  0:000  PCI (00|00:04.00) : 8086 1903 class=118000
0:101  0:000  PCI (00|00:14.00) : 8086 9D2F class=0C0330
0:101  0:000  PCI (00|00:14.02) : 8086 9D31 class=118000
0:101  0:000  PCI (00|00:15.00) : 8086 9D60 class=118000
0:101  0:000  PCI (00|00:15.01) : 8086 9D61 class=118000
0:101  0:000  PCI (00|00:16.00) : 8086 9D3A class=078000
0:101  0:000  PCI (00|00:17.00) : 8086 9D03 class=010601
0:101  0:000  PCI (00|00:1C.00) : 8086 9D10 class=060400
0:101  0:000  PCI (00|01:00.00) : 1002 6900 class=038000
0:101  0:000   - GFX: Model=ATI Radeon R7 M260/M265 (ATI/AMD)
0:102  0:000  PCI (00|00:1C.04) : 8086 9D14 class=060400
0:102  0:000  PCI (00|02:00.00) : 14E4 43B1 class=028000
0:102  0:000   - WIFI: Vendor=Broadcom
0:102  0:000  PCI (00|00:1C.05) : 8086 9D15 class=060400
0:102  0:000  PCI (00|03:00.00) : 10EC 8136 class=020000
0:102  0:000   - LAN: 0 Vendor=Realtek
0:102  0:000  PCI (00|00:1F.00) : 8086 9D58 class=060100
0:102  0:000  PCI (00|00:1F.02) : 8086 9D21 class=058000
0:102  0:000  PCI (00|00:1F.03) : 8086 9D71 class=040300
0:102  0:000  PCI (00|00:1F.04) : 8086 9D23 class=0C0500
0:102  0:000  === [ GetDefaultSettings ] ================================
0:102  0:000  Clover load options size = 136 bytes
0:103  0:001  EFI\CLOVER\.plist not loaded with name from LoadOptions: Invalid Parameter
0:103  0:000  EFI\CLOVER\config.plist loaded: Success
0:103  0:000  === [ GetListOfThemes ] ===================================
0:104  0:000  - [00]: BGM
0:106  0:001  - [01]: random
0:106  0:000  - [01]: embedded
0:107  0:001  === [ Found config plists ] ===============================
0:107  0:000  - config.plist
0:108  0:000  - config-old.plist
0:108  0:000  - config-2019-08-19.plist
0:108  0:000  === [ GetEarlyUserSettings ] ==============================
0:108  0:000  timeout set to 5
0:108  0:000  Custom boot CUSTOM_BOOT_DISABLED (0x0)
0:108  0:000  KernelToPatch: 3 requested
0:108  0:000   - [00]: MSR 0xE2 _xcpm_idle instant reboot(c) Pike R. Alpha :: data len: 8
0:108  0:000   - [01]: Disable panic kext logging on 10.13 release kernel (credit vit9696) :: MatchOS: 10.13.x :: data len: 6
0:109  0:000   - [02]: Disable panic kext logging on 10.14 release kernel (credit vit9696) :: MatchOS: 10.14.x :: data len: 6
0:109  0:000  Default theme: BGM
0:109  0:000  Hiding entries with string Preboot
0:109  0:000  === [ LoadDrivers ] =======================================
0:109  0:000  Loading PartitionDxe-64.efi  status=Success
0:110  0:001   - driver needs connecting
0:110  0:000  Loading DataHubDxe-64.efi  status=Success
0:123  0:012  Loading FSInject-64.efi  status=Success
0:125  0:002  Loading ApfsDriverLoader-64.efi  status=Success
0:126  0:001   - driver needs connecting
0:126  0:000  Loading AppleImageLoader-64.efi  status=Success
0:128  0:001  Loading SMCHelper-64.efi  status=Success
0:129  0:001  Loading AptioMemoryFix-64.efi  status=Success
0:132  0:002  2 drivers needs connecting ...
0:132  0:000  PlatformDriverOverrideProtocol not found. Installing ... Success
0:132  0:000  Partition driver loaded: 
0:132  0:000  APFS driver loaded
0:132  0:000  Searching for invalid DiskIo BY_DRIVER connects: not found, all ok
1:052  0:919  === [ InitScreen ] ========================================
1:052  0:000  SetScreenResolution: 1920x1080 - already set
1:052  0:000  Console modes reported: 4, available modes:
1:052  0:000   - [01]: 80x25
1:052  0:000   - [02]: 80x50
1:052  0:000   - [03]: 100x31
1:052  0:000   - [04]: 240x56 (current mode)
1:052  0:000  reinit: self device path=PciRoot(0x0)\Pci(0x17,0x0)\Sata(0x0,0xFFFF,0x0)\HD(1,GPT,F8A8E464-C163-41B2-B2CD-3E9A914764E8,0x28,0x64000)
1:052  0:000  Using embedded font: Success
1:053  0:000  === [ GetMacAddress ] =====================================
1:053  0:000  === [ ScanSPD ] ===========================================
1:053  0:000  SMBus device : 8086 9D23 class=0C0500 status=Success
1:053  0:000  SMBus CmdReg: 0x3
1:053  0:000  Scanning SMBus [8086:9D23], mmio: 0xDF532004, ioport: 0xF040, hostc: 0x11
1:053  0:000  Slots to scan [8]...
1:054  0:000  SPD[0]: Type 12 @0x50
1:072  0:017  Not using XMP because it is not present
1:072  0:000  DDR speed 2400MHz
1:072  0:000  Slot: 0 Type 26 8192MB 2400MHz Vendor=Micron Technology PartNo=8ATF1G64HZ-2G3H1 SerialNo=01070F0703070B04
1:072  0:000  SPD[2]: Type 12 @0x52
1:090  0:017  Not using XMP because it is not present
1:090  0:000  DDR speed 2400MHz
1:090  0:000  Slot: 2 Type 26 8192MB 2400MHz Vendor=Kingston PartNo=9905700-024.A00G SerialNo=080C02000E0E0B09
1:091  0:000  === [ GetAcpiTablesList ] =================================
1:091  0:000  Get Acpi Tables List from RSDT:
1:091  0:000   - [00]: FACP  CBX3    len=132
1:091  0:000   - [01]: APIC  CBX3    len=132
1:091  0:000   - [02]: FPDT  CBX3    len=68
1:091  0:000   - [03]: FIDT  CBX3    len=156
1:091  0:000   - [04]: MCFG  CBX3    len=60
1:091  0:000   - [05]: HPET  CBX3    len=56
1:091  0:000   - [06]: SSDT  SataTabl len=802
1:091  0:000   - [07]: BOOT  CBX3     len=40
1:091  0:000   - [08]: SSDT  SaSsdt  len=4828
1:091  0:000   - [09]: HPET  KBL-ULT len=56
1:091  0:000   - [10]: SSDT  xh_OEMBD len=1717
1:091  0:000   - [11]: UEFI   len=66
1:091  0:000   - [12]: SSDT  CpuSsdt len=3806
1:091  0:000   - [13]: LPIT  KBL-ULT len=148
1:091  0:000   - [14]: WSMT  KBL-ULT len=40
1:091  0:000   - [15]: SSDT  sensrhub len=671
1:091  0:000   - [16]: SSDT  PtidDevc len=12290
1:091  0:000   - [17]: DBGP   len=52
1:091  0:000   - [18]: DBG2   len=84
1:091  0:000   - [19]: SSDT  DptfTabl len=22272
1:091  0:000   - [20]: BGRT   len=56
1:091  0:000   - [21]: SSDT  SgUlt len=641
1:091  0:000   - [22]: SSDT  SgPch len=1689
1:091  0:000   - [23]: DMAR  KBL  len=240
1:091  0:000   - [24]: TPM2  Tpm2Tabl len=52
1:091  0:000   - [25]: SSDT  AmdTabl len=4522
1:091  0:000  Calibrated TSC Frequency = 2712405080 = 2712MHz
1:091  0:000  === [ GetUserSettings ] ===================================
1:091  0:000  Add 2 devices:
1:091  0:000  Add 8 properties:
1:091  0:000   - [00]: NVidia Key: name, len: 9
1:091  0:000   - [01]: NVidia Key: IOName, len: 9
1:091  0:000   - [02]: NVidia Key: class-code, len: 4
1:091  0:000   - [03]: ATI Key: name, len: 9
1:091  0:000   - [04]: ATI Key: IOName, len: 9
1:091  0:000   - [05]: ATI Key: class-code, len: 4
1:091  0:000   - [06]: ATI Key: vendor-id, len: 4
1:091  0:000   - [07]: ATI Key: device-id, len: 4
1:091  0:000  USB FixOwnership: yes
1:091  0:000  Dropping 3 tables:
1:091  0:000   - [00]: Drop table  signature="#MCF" (46434D23)
1:091  0:000           - set table: 46434D23,                0 to drop: no
1:091  0:000   - [01]: Drop table  signature="DMAR" (52414D44)
1:091  0:000           - set table: 52414D44,                0 to drop: yes
1:091  0:000   - [02]: Drop table  signature="SSDT" (54445353) table-id="xh_rvp10" (30317076725F6878)
1:091  0:000           - set table: 54445353, 30317076725F6878 to drop: no
1:091  0:000   - final DSDT Fix mask=00060050
1:091  0:000  PatchesDSDT: 10 requested
1:091  0:000   - [00]: (change OSID to XSID (to avoid match against _OSI XOSI patch)) lenToFind: 4, lenToReplace: 4, Target Bridge: <null string>
1:091  0:000   - [01]: (change _OSI to XOSI) lenToFind: 4, lenToReplace: 4, Target Bridge: <null string>
1:091  0:000   - [02]: (change _DSM to XDSM) lenToFind: 4, lenToReplace: 4, Target Bridge: <null string>
1:091  0:000    patch disabled at config
1:091  0:000   - [03]: (change EC0 to EC) lenToFind: 4, lenToReplace: 4, Target Bridge: <null string>
1:091  0:000   - [04]: (change H_EC to EC) lenToFind: 4, lenToReplace: 4, Target Bridge: <null string>
1:091  0:000    patch disabled at config
1:091  0:000   - [05]: (change ECDV to EC) lenToFind: 4, lenToReplace: 4, Target Bridge: <null string>
1:091  0:000    patch disabled at config
1:091  0:000   - [06]: (change HDAS to HDEF) lenToFind: 4, lenToReplace: 4, Target Bridge: <null string>
1:091  0:000   - [07]: (change HECI to IMEI) lenToFind: 4, lenToReplace: 4, Target Bridge: <null string>
1:091  0:000   - [08]: (change MEI to IMEI) lenToFind: 4, lenToReplace: 4, Target Bridge: <null string>
1:091  0:000   - [09]: (change GFX0 to IGPU) lenToFind: 4, lenToReplace: 4, Target Bridge: <null string>
1:091  0:000  Using ProductName from config: MacBookPro14,1
1:091  0:000  Using latest BiosVersion from config
1:091  0:000  BiosVersion: MBP141.88Z.F000.B00.1905281616
1:091  0:000  BiosReleaseDate: 05/28/2019
1:091  0:000  Using FirmwareFeatures from config: 0xFC0FE137
1:091  0:000  Using FirmwareFeaturesMask from config: 0xFF1FFF3F
1:091  0:000  Board-ID set from config as Mac-B4831CEBD52A0C4C
1:091  0:000  BoardType: 0xA
1:091  0:000  ChassisType: 0x9
1:091  0:000  Converted CustomUUID 976D7DCC-F049-4B58-8637-D6F71BD60C71
1:092  0:000  === [ Found DSDT tables ] =================================
1:092  0:000  - DSDT.aml
1:094  0:002  === [ ScanVolumes ] =======================================
1:094  0:000  Found 16 volumes with blockIO
1:094  0:000  - [00]: Volume: PciRoot(0x0)\Pci(0x17,0x0)\Sata(0x0,0xFFFF,0x0)
1:095  0:000  - [01]: Volume: PciRoot(0x0)\Pci(0x17,0x0)\Sata(0x1,0xFFFF,0x0)
1:125  0:029  - [02]: Volume: PciRoot(0x0)\Pci(0x17,0x0)\Sata(0x0,0xFFFF,0x0)\HD(1,GPT,F8A8E464-C163-41B2-B2CD-3E9A914764E8,0x28,0x64000)
1:125  0:000          Result of bootcode detection: bootable unknown (legacy)
1:126  0:000          This is SelfVolume !!
1:126  0:000  - [03]: Volume: PciRoot(0x0)\Pci(0x17,0x0)\Sata(0x0,0xFFFF,0x0)\HD(2,GPT,EE768CDC-E318-4278-AF2A-48FA308E1434,0x64028,0x13CE6510)
1:126  0:000          Result of bootcode detection: bootable unknown (legacy)
1:126  0:000  - [04]: Volume: PciRoot(0x0)\Pci(0x17,0x0)\Sata(0x0,0xFFFF,0x0)\HD(3,GPT,8C1AB35D-1843-44D6-A3EE-0FACF438ACA5,0x13D4A800,0x8000)
1:127  0:000  - [05]: Volume: PciRoot(0x0)\Pci(0x17,0x0)\Sata(0x0,0xFFFF,0x0)\HD(4,GPT,C75FEDB1-B917-4614-B151-318E8EE3821F,0x13D52800,0x9473000)
1:127  0:000          Result of bootcode detection: bootable Windows (vista,win)
1:127  0:000  - [06]: Volume: PciRoot(0x0)\Pci(0x17,0x0)\Sata(0x1,0xFFFF,0x0)\HD(1,GPT,7CFA7B9A-AB5B-4709-8E5A-AA7290B46F17,0x28,0x64000)
1:128  0:000          Result of bootcode detection: bootable unknown (legacy)
1:128  0:000  - [07]: Volume: PciRoot(0x0)\Pci(0x17,0x0)\Sata(0x1,0xFFFF,0x0)\HD(2,GPT,F888A849-C04F-49E7-8EB8-1F7AC04C64DA,0x64028,0x12BC7FD8)
1:142  0:013  - [08]: Volume: PciRoot(0x0)\Pci(0x17,0x0)\Sata(0x1,0xFFFF,0x0)\HD(3,GPT,289D7282-B26B-4130-BF03-BBA99D42F4D7,0x12C6C000,0xC929000)
1:155  0:012  - [09]: Volume: PciRoot(0x0)\Pci(0x17,0x0)\Sata(0x1,0xFFFF,0x0)\HD(4,GPT,7B75F04E-971D-460A-AD5D-BEC25EB504AF,0x1F595000,0xEAA0800)
1:166  0:011          Result of bootcode detection: bootable Windows (vista,win)
1:166  0:000  - [10]: Volume: PciRoot(0x0)\Pci(0x17,0x0)\Sata(0x1,0xFFFF,0x0)\HD(5,GPT,EC8BA302-F900-4A9E-A7A1-1D2F470C4D93,0x2E035800,0x61A8000)
1:189  0:022  - [11]: Volume: PciRoot(0x0)\Pci(0x17,0x0)\Sata(0x1,0xFFFF,0x0)\HD(6,GPT,004EFE58-21BE-43A9-AE80-3529C4FBB9C8,0x341DD800,0xFA5800)
1:190  0:000  - [12]: Volume: PciRoot(0x0)\Pci(0x17,0x0)\Sata(0x0,0xFFFF,0x0)\HD(2,GPT,EE768CDC-E318-4278-AF2A-48FA308E1434,0x64028,0x13CE6510)\VenMedia(BE74FCF7-0B7C-49F3-9147-01F4042E6842,555B6459B3EC144BA7FBFE62AA09B752)
1:190  0:000          hiding this volume
1:190  0:000  - [13]: Volume: PciRoot(0x0)\Pci(0x17,0x0)\Sata(0x0,0xFFFF,0x0)\HD(2,GPT,EE768CDC-E318-4278-AF2A-48FA308E1434,0x64028,0x13CE6510)\VenMedia(BE74FCF7-0B7C-49F3-9147-01F4042E6842,329CBC40ECAE804399215007E9365402)
1:190  0:000  - [14]: Volume: PciRoot(0x0)\Pci(0x17,0x0)\Sata(0x0,0xFFFF,0x0)\HD(2,GPT,EE768CDC-E318-4278-AF2A-48FA308E1434,0x64028,0x13CE6510)\VenMedia(BE74FCF7-0B7C-49F3-9147-01F4042E6842,3F9293E1C1EAF14D8CB7B2009C78A9FF)
1:190  0:000  - [15]: Volume: PciRoot(0x0)\Pci(0x17,0x0)\Sata(0x0,0xFFFF,0x0)\HD(2,GPT,EE768CDC-E318-4278-AF2A-48FA308E1434,0x64028,0x13CE6510)\VenMedia(BE74FCF7-0B7C-49F3-9147-01F4042E6842,056BCD8CB2C6CA45BD225540E065B9A1)
1:190  0:000  === [ InitTheme ] =========================================
1:193  0:002  Using theme 'BGM' (EFI\CLOVER\themes\BGM)
1:193  0:000  OS main and drive as badge
1:194  0:001  Loading font from ThemeDir: Success
1:194  0:000  Chosen theme BGM
1:195  0:000  found boot-args in NVRAM:, size=1
1:195  0:000  after NVRAM boot-args=dart=0 nv_disable=1 lilucpu=9 kext-dev-mode=1
1:195  0:000  === [ Dump SMC keys from NVRAM ] ==========================
1:195  0:000  found AppleSMC protocol
1:221  0:026  Registered 17 SMC keys
1:223  0:002  === [ AddCustomEntries ] ==================================
1:223  0:000  Custom entry 0 Title:"Recovery" Path:"\com.apple.recovery.boot\boot.efi" Type:10 Flags:0x6 matching all volumes
1:223  0:000      Checking volume "EFI" (PciRoot(0x0)\Pci(0x17,0x0)\Sata(0x0,0xFFFF,0x0)\HD(1,GPT,F8A8E464-C163-41B2-B2CD-3E9A914764E8,0x28,0x64000)) ... skipped because path does not exist
1:224  0:000      Checking volume "EFI" (PciRoot(0x0)\Pci(0x17,0x0)\Sata(0x1,0xFFFF,0x0)\HD(1,GPT,7CFA7B9A-AB5B-4709-8E5A-AA7290B46F17,0x28,0x64000)) ... skipped because path does not exist
1:224  0:000      Checking volume "Preboot" (PciRoot(0x0)\Pci(0x17,0x0)\Sata(0x0,0xFFFF,0x0)\HD(2,GPT,EE768CDC-E318-4278-AF2A-48FA308E1434,0x64028,0x13CE6510)\VenMedia(BE74FCF7-0B7C-49F3-9147-01F4042E6842,555B6459B3EC144BA7FBFE62AA09B752)) ... skipped because volume is hidden
1:224  0:000      Checking volume "MacOS" (PciRoot(0x0)\Pci(0x17,0x0)\Sata(0x0,0xFFFF,0x0)\HD(2,GPT,EE768CDC-E318-4278-AF2A-48FA308E1434,0x64028,0x13CE6510)\VenMedia(BE74FCF7-0B7C-49F3-9147-01F4042E6842,329CBC40ECAE804399215007E9365402)) ... skipped because path does not exist
1:224  0:000      Checking volume "Recovery" (PciRoot(0x0)\Pci(0x17,0x0)\Sata(0x0,0xFFFF,0x0)\HD(2,GPT,EE768CDC-E318-4278-AF2A-48FA308E1434,0x64028,0x13CE6510)\VenMedia(BE74FCF7-0B7C-49F3-9147-01F4042E6842,3F9293E1C1EAF14D8CB7B2009C78A9FF)) ... skipped because path does not exist
1:224  0:000      Checking volume "VM" (PciRoot(0x0)\Pci(0x17,0x0)\Sata(0x0,0xFFFF,0x0)\HD(2,GPT,EE768CDC-E318-4278-AF2A-48FA308E1434,0x64028,0x13CE6510)\VenMedia(BE74FCF7-0B7C-49F3-9147-01F4042E6842,056BCD8CB2C6CA45BD225540E065B9A1)) ... skipped because path does not exist
1:224  0:000  Custom entry 1 Title:"Windows" Path:"\EFI\Microsoft\Boot\bootmgfw.efi" Options:"-s -h" Type:7 Flags:0x0 matching all volumes
1:224  0:000      Checking volume "EFI" (PciRoot(0x0)\Pci(0x17,0x0)\Sata(0x0,0xFFFF,0x0)\HD(1,GPT,F8A8E464-C163-41B2-B2CD-3E9A914764E8,0x28,0x64000)) ... match!
1:228  0:003  Custom settings: <null string>.plist will  be applied
1:228  0:000      Checking volume "EFI" (PciRoot(0x0)\Pci(0x17,0x0)\Sata(0x1,0xFFFF,0x0)\HD(1,GPT,7CFA7B9A-AB5B-4709-8E5A-AA7290B46F17,0x28,0x64000)) ... skipped because path does not exist
1:228  0:000      Checking volume "Preboot" (PciRoot(0x0)\Pci(0x17,0x0)\Sata(0x0,0xFFFF,0x0)\HD(2,GPT,EE768CDC-E318-4278-AF2A-48FA308E1434,0x64028,0x13CE6510)\VenMedia(BE74FCF7-0B7C-49F3-9147-01F4042E6842,555B6459B3EC144BA7FBFE62AA09B752)) ... skipped because volume is hidden
1:228  0:000      Checking volume "MacOS" (PciRoot(0x0)\Pci(0x17,0x0)\Sata(0x0,0xFFFF,0x0)\HD(2,GPT,EE768CDC-E318-4278-AF2A-48FA308E1434,0x64028,0x13CE6510)\VenMedia(BE74FCF7-0B7C-49F3-9147-01F4042E6842,329CBC40ECAE804399215007E9365402)) ... skipped because path does not exist
1:228  0:000      Checking volume "Recovery" (PciRoot(0x0)\Pci(0x17,0x0)\Sata(0x0,0xFFFF,0x0)\HD(2,GPT,EE768CDC-E318-4278-AF2A-48FA308E1434,0x64028,0x13CE6510)\VenMedia(BE74FCF7-0B7C-49F3-9147-01F4042E6842,3F9293E1C1EAF14D8CB7B2009C78A9FF)) ... skipped because path does not exist
1:228  0:000      Checking volume "VM" (PciRoot(0x0)\Pci(0x17,0x0)\Sata(0x0,0xFFFF,0x0)\HD(2,GPT,EE768CDC-E318-4278-AF2A-48FA308E1434,0x64028,0x13CE6510)\VenMedia(BE74FCF7-0B7C-49F3-9147-01F4042E6842,056BCD8CB2C6CA45BD225540E065B9A1)) ... skipped because path does not exist
1:228  0:000  === [ ScanLoader ] ========================================
1:228  0:000  - [02]: 'EFI'
1:228  0:000          AddLoaderEntry for Volume Name=EFI
1:228  0:000       skipped because path `PciRoot(0x0)\Pci(0x17,0x0)\Sata(0x0,0xFFFF,0x0)\HD(1,GPT,F8A8E464-C163-41B2-B2CD-3E9A914764E8,0x28,0x64000)\EFI\microsoft\Boot\bootmgfw.efii` already exists for another entry!
1:242  0:013          AddLoaderEntry for Volume Name=EFI
1:242  0:000          skipped because entry is hidden
1:242  0:000  - [06]: 'EFI'
1:255  0:012  - [12]: 'Preboot', hidden
1:255  0:000  - [13]: 'MacOS'
1:280  0:025          AddLoaderEntry for Volume Name=MacOS
1:283  0:003      hibernated: set as never
1:284  0:000          [!] Icon 18 (icons\vol_internal_apfs.icns) not found (path: EFI\CLOVER\themes\BGM)
1:298  0:013  - [14]: 'Recovery'
1:298  0:000          AddLoaderEntry for Volume Name=Recovery
1:313  0:015  - [15]: 'VM'
1:326  0:012  === [ AddCustomTool ] =====================================
1:326  0:000  found tool \EFI\CLOVER\tools\Shell64U.efi
1:326  0:000  Checking EFI partition Volume 2 for Clover
1:326  0:000   Found Clover
1:327  0:001  === [ GetEfiBootDeviceFromNvram ] =========================
1:328  0:000   - efi-boot-device-data: PciRoot(0x0)\Pci(0x17,0x0)\Sata(0x0,0xFFFF,0x0)\HD(2,GPT,EE768CDC-E318-4278-AF2A-48FA308E1434,0x64028,0x13CE6510)\VenMedia(BE74FCF7-0B7C-49F3-9147-01F4042E6842,329CBC40ECAE804399215007E9365402)
1:328  0:000    - Volume: 'PciRoot(0x0)\Pci(0x17,0x0)\Sata(0x0,0xFFFF,0x0)\HD(2,GPT,EE768CDC-E318-4278-AF2A-48FA308E1434,0x64028,0x13CE6510)\VenMedia(BE74FCF7-0B7C-49F3-9147-01F4042E6842,329CBC40ECAE804399215007E9365402)'
1:328  0:000    - LoaderPath: '<null string>'
1:328  0:000    - Guid = EE768CDC-E318-4278-AF2A-48FA308E1434
1:328  0:000  === [ FindStartupDiskVolume ] =============================
1:328  0:000    - Volume: partition = PciRoot(0x0)\Pci(0x17,0x0)\Sata(0x0,0xFFFF,0x0)\HD(2,GPT,EE768CDC-E318-4278-AF2A-48FA308E1434,0x64028,0x13CE6510)\VenMedia(BE74FCF7-0B7C-49F3-9147-01F4042E6842,329CBC40ECAE804399215007E9365402)
1:328  0:000     - searching for that partition
1:328  0:000      - found entry 1. 'Boot macOS from MacOS', Volume 'MacOS'
1:328  0:000  Boot redirected to Entry 1. 'Boot macOS from MacOS'
1:328  0:000  DefaultIndex=1 and MainMenu.EntryCount=9
1:685  0:357  GUI ready
2:684  0:999  ReinitSelfLib after theme change
2:684  0:000  reinit: self device path=PciRoot(0x0)\Pci(0x17,0x0)\Sata(0x0,0xFFFF,0x0)\HD(1,GPT,F8A8E464-C163-41B2-B2CD-3E9A914764E8,0x28,0x64000)
2:687  0:002  === [ ScanVolumes ] =======================================
2:687  0:000  Found 16 volumes with blockIO
2:687  0:000  - [00]: Volume: PciRoot(0x0)\Pci(0x17,0x0)\Sata(0x0,0xFFFF,0x0)
2:688  0:000  - [01]: Volume: PciRoot(0x0)\Pci(0x17,0x0)\Sata(0x1,0xFFFF,0x0)
2:688  0:000  - [02]: Volume: PciRoot(0x0)\Pci(0x17,0x0)\Sata(0x0,0xFFFF,0x0)\HD(1,GPT,F8A8E464-C163-41B2-B2CD-3E9A914764E8,0x28,0x64000)
2:689  0:000          Result of bootcode detection: bootable unknown (legacy)
2:689  0:000          This is SelfVolume !!
2:689  0:000  - [03]: Volume: PciRoot(0x0)\Pci(0x17,0x0)\Sata(0x0,0xFFFF,0x0)\HD(2,GPT,EE768CDC-E318-4278-AF2A-48FA308E1434,0x64028,0x13CE6510)
2:690  0:000          Result of bootcode detection: bootable unknown (legacy)
2:690  0:000  - [04]: Volume: PciRoot(0x0)\Pci(0x17,0x0)\Sata(0x0,0xFFFF,0x0)\HD(3,GPT,8C1AB35D-1843-44D6-A3EE-0FACF438ACA5,0x13D4A800,0x8000)
2:690  0:000  - [05]: Volume: PciRoot(0x0)\Pci(0x17,0x0)\Sata(0x0,0xFFFF,0x0)\HD(4,GPT,C75FEDB1-B917-4614-B151-318E8EE3821F,0x13D52800,0x9473000)
2:691  0:000          Result of bootcode detection: bootable Windows (vista,win)
2:691  0:000  - [06]: Volume: PciRoot(0x0)\Pci(0x17,0x0)\Sata(0x1,0xFFFF,0x0)\HD(1,GPT,7CFA7B9A-AB5B-4709-8E5A-AA7290B46F17,0x28,0x64000)
2:692  0:000          Result of bootcode detection: bootable unknown (legacy)
2:692  0:000  - [07]: Volume: PciRoot(0x0)\Pci(0x17,0x0)\Sata(0x1,0xFFFF,0x0)\HD(2,GPT,F888A849-C04F-49E7-8EB8-1F7AC04C64DA,0x64028,0x12BC7FD8)
2:692  0:000  - [08]: Volume: PciRoot(0x0)\Pci(0x17,0x0)\Sata(0x1,0xFFFF,0x0)\HD(3,GPT,289D7282-B26B-4130-BF03-BBA99D42F4D7,0x12C6C000,0xC929000)
2:693  0:000  - [09]: Volume: PciRoot(0x0)\Pci(0x17,0x0)\Sata(0x1,0xFFFF,0x0)\HD(4,GPT,7B75F04E-971D-460A-AD5D-BEC25EB504AF,0x1F595000,0xEAA0800)
2:693  0:000          Result of bootcode detection: bootable Windows (vista,win)
2:693  0:000  - [10]: Volume: PciRoot(0x0)\Pci(0x17,0x0)\Sata(0x1,0xFFFF,0x0)\HD(5,GPT,EC8BA302-F900-4A9E-A7A1-1D2F470C4D93,0x2E035800,0x61A8000)
2:694  0:000  - [11]: Volume: PciRoot(0x0)\Pci(0x17,0x0)\Sata(0x1,0xFFFF,0x0)\HD(6,GPT,004EFE58-21BE-43A9-AE80-3529C4FBB9C8,0x341DD800,0xFA5800)
2:695  0:000  - [12]: Volume: PciRoot(0x0)\Pci(0x17,0x0)\Sata(0x0,0xFFFF,0x0)\HD(2,GPT,EE768CDC-E318-4278-AF2A-48FA308E1434,0x64028,0x13CE6510)\VenMedia(BE74FCF7-0B7C-49F3-9147-01F4042E6842,555B6459B3EC144BA7FBFE62AA09B752)
2:695  0:000  - [13]: Volume: PciRoot(0x0)\Pci(0x17,0x0)\Sata(0x0,0xFFFF,0x0)\HD(2,GPT,EE768CDC-E318-4278-AF2A-48FA308E1434,0x64028,0x13CE6510)\VenMedia(BE74FCF7-0B7C-49F3-9147-01F4042E6842,329CBC40ECAE804399215007E9365402)
2:695  0:000  - [14]: Volume: PciRoot(0x0)\Pci(0x17,0x0)\Sata(0x0,0xFFFF,0x0)\HD(2,GPT,EE768CDC-E318-4278-AF2A-48FA308E1434,0x64028,0x13CE6510)\VenMedia(BE74FCF7-0B7C-49F3-9147-01F4042E6842,3F9293E1C1EAF14D8CB7B2009C78A9FF)
2:695  0:000  - [15]: Volume: PciRoot(0x0)\Pci(0x17,0x0)\Sata(0x0,0xFFFF,0x0)\HD(2,GPT,EE768CDC-E318-4278-AF2A-48FA308E1434,0x64028,0x13CE6510)\VenMedia(BE74FCF7-0B7C-49F3-9147-01F4042E6842,056BCD8CB2C6CA45BD225540E065B9A1)
2:695  0:000  Chosen theme BGM
2:695  0:000  found boot-args in NVRAM:, size=1
2:695  0:000  after NVRAM boot-args=dart=0 nv_disable=1 lilucpu=9 kext-dev-mode=1
2:695  0:000  === [ AddCustomEntries ] ==================================
2:695  0:000  Custom entry 0 Title:"Recovery" Path:"\com.apple.recovery.boot\boot.efi" Type:10 Flags:0x6 matching all volumes
2:695  0:000      Checking volume "EFI" (PciRoot(0x0)\Pci(0x17,0x0)\Sata(0x0,0xFFFF,0x0)\HD(1,GPT,F8A8E464-C163-41B2-B2CD-3E9A914764E8,0x28,0x64000)) ... skipped because path does not exist
2:695  0:000      Checking volume "EFI" (PciRoot(0x0)\Pci(0x17,0x0)\Sata(0x1,0xFFFF,0x0)\HD(1,GPT,7CFA7B9A-AB5B-4709-8E5A-AA7290B46F17,0x28,0x64000)) ... skipped because path does not exist
2:695  0:000      Checking volume "Preboot" (PciRoot(0x0)\Pci(0x17,0x0)\Sata(0x0,0xFFFF,0x0)\HD(2,GPT,EE768CDC-E318-4278-AF2A-48FA308E1434,0x64028,0x13CE6510)\VenMedia(BE74FCF7-0B7C-49F3-9147-01F4042E6842,555B6459B3EC144BA7FBFE62AA09B752)) ... skipped because path does not exist
2:695  0:000      Checking volume "MacOS" (PciRoot(0x0)\Pci(0x17,0x0)\Sata(0x0,0xFFFF,0x0)\HD(2,GPT,EE768CDC-E318-4278-AF2A-48FA308E1434,0x64028,0x13CE6510)\VenMedia(BE74FCF7-0B7C-49F3-9147-01F4042E6842,329CBC40ECAE804399215007E9365402)) ... skipped because path does not exist
2:695  0:000      Checking volume "Recovery" (PciRoot(0x0)\Pci(0x17,0x0)\Sata(0x0,0xFFFF,0x0)\HD(2,GPT,EE768CDC-E318-4278-AF2A-48FA308E1434,0x64028,0x13CE6510)\VenMedia(BE74FCF7-0B7C-49F3-9147-01F4042E6842,3F9293E1C1EAF14D8CB7B2009C78A9FF)) ... skipped because path does not exist
2:695  0:000      Checking volume "VM" (PciRoot(0x0)\Pci(0x17,0x0)\Sata(0x0,0xFFFF,0x0)\HD(2,GPT,EE768CDC-E318-4278-AF2A-48FA308E1434,0x64028,0x13CE6510)\VenMedia(BE74FCF7-0B7C-49F3-9147-01F4042E6842,056BCD8CB2C6CA45BD225540E065B9A1)) ... skipped because path does not exist
2:695  0:000  Custom entry 1 Title:"Windows" Path:"\EFI\Microsoft\Boot\bootmgfw.efi" Options:"-s -h" Type:7 Flags:0x0 matching all volumes
2:695  0:000      Checking volume "EFI" (PciRoot(0x0)\Pci(0x17,0x0)\Sata(0x0,0xFFFF,0x0)\HD(1,GPT,F8A8E464-C163-41B2-B2CD-3E9A914764E8,0x28,0x64000)) ... match!
2:696  0:000  Custom settings: <null string>.plist will  be applied
2:696  0:000      Checking volume "EFI" (PciRoot(0x0)\Pci(0x17,0x0)\Sata(0x1,0xFFFF,0x0)\HD(1,GPT,7CFA7B9A-AB5B-4709-8E5A-AA7290B46F17,0x28,0x64000)) ... skipped because path does not exist
2:696  0:000      Checking volume "Preboot" (PciRoot(0x0)\Pci(0x17,0x0)\Sata(0x0,0xFFFF,0x0)\HD(2,GPT,EE768CDC-E318-4278-AF2A-48FA308E1434,0x64028,0x13CE6510)\VenMedia(BE74FCF7-0B7C-49F3-9147-01F4042E6842,555B6459B3EC144BA7FBFE62AA09B752)) ... skipped because path does not exist
2:696  0:000      Checking volume "MacOS" (PciRoot(0x0)\Pci(0x17,0x0)\Sata(0x0,0xFFFF,0x0)\HD(2,GPT,EE768CDC-E318-4278-AF2A-48FA308E1434,0x64028,0x13CE6510)\VenMedia(BE74FCF7-0B7C-49F3-9147-01F4042E6842,329CBC40ECAE804399215007E9365402)) ... skipped because path does not exist
2:696  0:000      Checking volume "Recovery" (PciRoot(0x0)\Pci(0x17,0x0)\Sata(0x0,0xFFFF,0x0)\HD(2,GPT,EE768CDC-E318-4278-AF2A-48FA308E1434,0x64028,0x13CE6510)\VenMedia(BE74FCF7-0B7C-49F3-9147-01F4042E6842,3F9293E1C1EAF14D8CB7B2009C78A9FF)) ... skipped because path does not exist
2:696  0:000      Checking volume "VM" (PciRoot(0x0)\Pci(0x17,0x0)\Sata(0x0,0xFFFF,0x0)\HD(2,GPT,EE768CDC-E318-4278-AF2A-48FA308E1434,0x64028,0x13CE6510)\VenMedia(BE74FCF7-0B7C-49F3-9147-01F4042E6842,056BCD8CB2C6CA45BD225540E065B9A1)) ... skipped because path does not exist
2:696  0:000  === [ ScanLoader ] ========================================
2:696  0:000  - [02]: 'EFI'
2:696  0:000          AddLoaderEntry for Volume Name=EFI
2:696  0:000       skipped because path `PciRoot(0x0)\Pci(0x17,0x0)\Sata(0x0,0xFFFF,0x0)\HD(1,GPT,F8A8E464-C163-41B2-B2CD-3E9A914764E8,0x28,0x64000)\EFI\microsoft\Boot\bootmgfw.efii` already exists for another entry!
2:709  0:012          AddLoaderEntry for Volume Name=EFI
2:709  0:000       skipped because path `PciRoot(0x0)\Pci(0x17,0x0)\Sata(0x0,0xFFFF,0x0)\HD(1,GPT,F8A8E464-C163-41B2-B2CD-3E9A914764E8,0x28,0x64000)\EFI\BOOT\BOOTX64.efii` is self path!
2:709  0:000  - [06]: 'EFI'
2:721  0:012  - [12]: 'Preboot'
2:723  0:001          AddLoaderEntry for Volume Name=Preboot
2:724  0:001      hibernated: set as never
2:727  0:003          AddLoaderEntry for Volume Name=Preboot
2:742  0:014  - [13]: 'MacOS'
2:742  0:000          AddLoaderEntry for Volume Name=MacOS
2:743  0:000      hibernated: set as never
2:757  0:013  - [14]: 'Recovery'
2:757  0:000          AddLoaderEntry for Volume Name=Recovery
2:771  0:014  - [15]: 'VM'
2:784  0:012  === [ AddCustomTool ] =====================================
2:784  0:000  found tool \EFI\CLOVER\tools\Shell64U.efi
2:784  0:000  Checking EFI partition Volume 2 for Clover
2:784  0:000   Found Clover
2:784  0:000  === [ GetEfiBootDeviceFromNvram ] =========================
2:784  0:000  === [ FindStartupDiskVolume ] =============================
2:784  0:000    - Volume: partition = PciRoot(0x0)\Pci(0x17,0x0)\Sata(0x0,0xFFFF,0x0)\HD(2,GPT,EE768CDC-E318-4278-AF2A-48FA308E1434,0x64028,0x13CE6510)\VenMedia(BE74FCF7-0B7C-49F3-9147-01F4042E6842,329CBC40ECAE804399215007E9365402)
2:784  0:000     - searching for that partition
2:784  0:000      - found entry 3. 'Boot macOS from MacOS', Volume 'MacOS'
2:784  0:000  Boot redirected to Entry 3. 'Boot macOS from MacOS'
2:784  0:000  DefaultIndex=3 and MainMenu.EntryCount=11
3:156  0:371  Found BIOS RSDP at F0020
3:156  0:000  Printing ACPI tables from RSDP F0020 ...
3:156  0:000   F0020: 'RSD PTR ', Rev: 2 (Acpi 2.0 or newer), Len: 36
3:156  0:000    (Xsdt: 7A68A0B8, Rsdt: 7A68A028)
3:156  0:000    7A68A0B8: 'XSDT', 'CBX3', Rev: 1, Len: 244
3:156  0:000    7A68A028: 'RSDT', 'CBX3', Rev: 1, Len: 140
3:156  0:000    Tables in Xsdt: 26
3:156  0:000    0. 7A6ADA80: 'FACP', 'CBX3', Rev: 5, Len: 268
3:156  0:000        (Dsdt: 7A68A240, Facs: 7AFF2F80, XDsdt: 7A68A240, XFacs: 0)
3:156  0:000        7A68A240: 'DSDT', 'CBX3', Rev: 2, Len: 145465
3:158  0:002        7AFF2F80: 'FACS', Ver: 2, Len: 64
3:158  0:000    1. 7A6ADB90: 'APIC', 'CBX3', Rev: 3, Len: 132
3:158  0:000    2. 7A6ADC18: 'FPDT', 'CBX3', Rev: 1, Len: 68
3:158  0:000    3. 7A6ADC60: 'FIDT', 'CBX3', Rev: 1, Len: 156
3:158  0:000    4. 7A6ADD00: 'MCFG', 'CBX3', Rev: 1, Len: 60
3:158  0:000    5. 7A6ADD40: 'HPET', 'CBX3', Rev: 1, Len: 56
3:158  0:000    6. 7A6ADD78: 'SSDT', 'SataTabl', Rev: 1, Len: 802
3:158  0:000    7. 7A6AE0A0: 'BOOT', 'CBX3', Rev: 1, Len: 40
3:158  0:000    8. 7A6AE0C8: 'SSDT', 'SaSsdt', Rev: 2, Len: 4828
3:158  0:000    9. 7A6AF3A8: 'HPET', 'KBL-ULT', Rev: 1, Len: 56
3:158  0:000    10. 7A6AF3E0: 'SSDT', 'xh_OEMBD', Rev: 2, Len: 1717
3:158  0:000    11. 7A6AFA98: 'UEFI', '', Rev: 1, Len: 66
3:158  0:000    12. 7A6AFAE0: 'SSDT', 'CpuSsdt', Rev: 2, Len: 3806
3:158  0:000    13. 7A6B09C0: 'LPIT', 'KBL-ULT', Rev: 1, Len: 148
3:158  0:000    14. 7A6B0A58: 'WSMT', 'KBL-ULT', Rev: 1, Len: 40
3:158  0:000    15. 7A6B0A80: 'SSDT', 'sensrhub', Rev: 2, Len: 671
3:158  0:000    16. 7A6B0D20: 'SSDT', 'PtidDevc', Rev: 2, Len: 12290
3:158  0:000    17. 7A6B3D28: 'DBGP', '', Rev: 1, Len: 52
3:158  0:000    18. 7A6B3D60: 'DBG2', '', Rev: 0, Len: 84
3:158  0:000    19. 7A6B3DB8: 'SSDT', 'DptfTabl', Rev: 2, Len: 22272
3:158  0:000    20. 7A6B94B8: 'BGRT', '', Rev: 0, Len: 56
3:158  0:000    21. 7A6B94F0: 'SSDT', 'SgUlt', Rev: 2, Len: 641
3:158  0:000    22. 7A6B9778: 'SSDT', 'SgPch', Rev: 2, Len: 1689
3:158  0:000    23. 7A6B9E18: 'DMAR', 'KBL', Rev: 1, Len: 240
3:158  0:000    24. 7A6B9F08: 'TPM2', 'Tpm2Tabl', Rev: 3, Len: 52
3:158  0:000    25. 7A6B9F40: 'SSDT', 'AmdTabl', Rev: 1, Len: 4522
3:158  0:000    Tables in Rsdt: 26
3:158  0:000    0. 7A68A1B8: 'FACP', 'CBX3', Rev: 2, Len: 132
3:158  0:000        (Dsdt: 7A68A240, Facs: 7AFF2F40)
3:158  0:000        7A68A240: 'DSDT', 'CBX3', Rev: 2, Len: 145465
3:161  0:002        7AFF2F40: 'FACS', Ver: 0, Len: 64
3:161  0:000    1. 7A6ADB90: 'APIC', 'CBX3', Rev: 3, Len: 132
3:161  0:000    2. 7A6ADC18: 'FPDT', 'CBX3', Rev: 1, Len: 68
3:161  0:000    3. 7A6ADC60: 'FIDT', 'CBX3', Rev: 1, Len: 156
3:161  0:000    4. 7A6ADD00: 'MCFG', 'CBX3', Rev: 1, Len: 60
3:161  0:000    5. 7A6ADD40: 'HPET', 'CBX3', Rev: 1, Len: 56
3:161  0:000    6. 7A6ADD78: 'SSDT', 'SataTabl', Rev: 1, Len: 802
3:161  0:000    7. 7A6AE0A0: 'BOOT', 'CBX3', Rev: 1, Len: 40
3:161  0:000    8. 7A6AE0C8: 'SSDT', 'SaSsdt', Rev: 2, Len: 4828
3:161  0:000    9. 7A6AF3A8: 'HPET', 'KBL-ULT', Rev: 1, Len: 56
3:161  0:000    10. 7A6AF3E0: 'SSDT', 'xh_OEMBD', Rev: 2, Len: 1717
3:161  0:000    11. 7A6AFA98: 'UEFI', '', Rev: 1, Len: 66
3:161  0:000    12. 7A6AFAE0: 'SSDT', 'CpuSsdt', Rev: 2, Len: 3806
3:161  0:000    13. 7A6B09C0: 'LPIT', 'KBL-ULT', Rev: 1, Len: 148
3:161  0:000    14. 7A6B0A58: 'WSMT', 'KBL-ULT', Rev: 1, Len: 40
3:161  0:000    15. 7A6B0A80: 'SSDT', 'sensrhub', Rev: 2, Len: 671
3:161  0:000    16. 7A6B0D20: 'SSDT', 'PtidDevc', Rev: 2, Len: 12290
3:161  0:000    17. 7A6B3D28: 'DBGP', '', Rev: 1, Len: 52
3:161  0:000    18. 7A6B3D60: 'DBG2', '', Rev: 0, Len: 84
3:161  0:000    19. 7A6B3DB8: 'SSDT', 'DptfTabl', Rev: 2, Len: 22272
3:161  0:000    20. 7A6B94B8: 'BGRT', '', Rev: 0, Len: 56
3:161  0:000    21. 7A6B94F0: 'SSDT', 'SgUlt', Rev: 2, Len: 641
3:161  0:000    22. 7A6B9778: 'SSDT', 'SgPch', Rev: 2, Len: 1689
3:161  0:000    23. 7A6B9E18: 'DMAR', 'KBL', Rev: 1, Len: 240
3:161  0:000    24. 7A6B9F08: 'TPM2', 'Tpm2Tabl', Rev: 3, Len: 52
3:161  0:000    25. 7A6B9F40: 'SSDT', 'AmdTabl', Rev: 1, Len: 4522
3:161  0:000  Found UEFI Acpi 2.0 RSDP at 7A68A000
3:161  0:000  Saving ACPI tables from RSDP 7A68A000 to EFI\CLOVER\ACPI\origin ...
3:161  0:000   7A68A000: 'RSD PTR ', Rev: 2 (Acpi 2.0 or newer), Len: 36 -> RSDP.aml
3:190  0:029    (Xsdt: 7A68A0B8, Rsdt: 7A68A028)
3:190  0:000    7A68A0B8: 'XSDT', 'CBX3', Rev: 1, Len: 244 -> XSDT.aml
3:214  0:024    7A68A028: 'RSDT', 'CBX3', Rev: 1, Len: 140 -> RSDT.aml
3:244  0:029    Tables in Xsdt: 26
3:244  0:000    0. 7A6ADA80: 'FACP', 'CBX3', Rev: 5, Len: 268 -> FACP.aml
3:268  0:023        (Dsdt: 7A68A240, Facs: 7AFF2F80, XDsdt: 7A68A240, XFacs: 0)
3:268  0:000        7A68A240: 'DSDT', 'CBX3', Rev: 2, Len: 145465 -> DSDT.aml
3:325  0:057        7AFF2F80: 'FACS', Ver: 2, Len: 64 -> FACS.aml
3:350  0:024    1. 7A6ADB90: 'APIC', 'CBX3', Rev: 3, Len: 132 -> APIC.aml
3:384  0:034    2. 7A6ADC18: 'FPDT', 'CBX3', Rev: 1, Len: 68 -> FPDT.aml
3:409  0:024    3. 7A6ADC60: 'FIDT', 'CBX3', Rev: 1, Len: 156 -> FIDT.aml
3:433  0:024    4. 7A6ADD00: 'MCFG', 'CBX3', Rev: 1, Len: 60 -> MCFG.aml
3:458  0:024    5. 7A6ADD40: 'HPET', 'CBX3', Rev: 1, Len: 56 -> HPET.aml
3:482  0:024    6. 7A6ADD78: 'SSDT', 'SataTabl', Rev: 1, Len: 802 -> SSDT-0-SataTabl.aml
3:505  0:023    7. 7A6AE0A0: 'BOOT', 'CBX3', Rev: 1, Len: 40 -> BOOT.aml
3:529  0:023    8. 7A6AE0C8: 'SSDT', 'SaSsdt', Rev: 2, Len: 4828 -> SSDT-1-SaSsdt.aml
3:556  0:026    9. 7A6AF3A8: 'HPET', 'KBL-ULT', Rev: 1, Len: 56 -> HPET.aml
3:584  0:028    10. 7A6AF3E0: 'SSDT', 'xh_OEMBD', Rev: 2, Len: 1717 -> SSDT-2-xh_OEMBD.aml
3:608  0:023    11. 7A6AFA98: 'UEFI', '', Rev: 1, Len: 66 -> UEFI.aml
3:632  0:023    12. 7A6AFAE0: 'SSDT', 'CpuSsdt', Rev: 2, Len: 3806 -> SSDT-3-CpuSsdt.aml (Found hidden SSDT 7 pcs)
3:656  0:023        * 7A3CE718: 'SSDT', 'Cpu0Ist', Rev: 2, Len: 1716  53 53 44 54 B4 06 00 00 02 FA 50 6D 52 65 66 00 Internal length = 1716 -> SSDT-x3_0-Cpu0Ist.aml
3:680  0:023        * 7A3CE018: 'SSDT', 'ApIst', Rev: 2, Len: 1628  53 53 44 54 5C 06 00 00 02 AF 50 6D 52 65 66 00 Internal length = 1628 -> SSDT-x3_1-ApIst.aml
3:704  0:023        * 7A3CD918: 'SSDT', 'Cpu0Cst', Rev: 2, Len: 1023  53 53 44 54 FF 03 00 00 02 AF 50 6D 52 65 66 00 Internal length = 1023 -> SSDT-x3_2-Cpu0Cst.aml
3:732  0:028        * 7A3CEE18: 'SSDT', 'ApCst', Rev: 2, Len: 394  53 53 44 54 8A 01 00 00 02 39 50 6D 52 65 66 00 Internal length = 394 -> SSDT-x3_3-ApCst.aml
3:755  0:023        * 78D2D018: 'SSDT', 'Cpu0Hwp', Rev: 2, Len: 277  53 53 44 54 15 01 00 00 02 AE 50 6D 52 65 66 00 Internal length = 277 -> SSDT-x3_4-Cpu0Hwp.aml
3:778  0:023        * 78283018: 'SSDT', 'ApHwp', Rev: 2, Len: 407  53 53 44 54 97 01 00 00 02 F1 50 6D 52 65 66 00 Internal length = 407 -> SSDT-x3_5-ApHwp.aml
3:802  0:023        * 78276E18: 'SSDT', 'HwpLvt', Rev: 2, Len: 420  53 53 44 54 A4 01 00 00 02 3C 50 6D 52 65 66 00 Internal length = 420 -> SSDT-x3_6-HwpLvt.aml
3:827  0:024  
3:827  0:000    13. 7A6B09C0: 'LPIT', 'KBL-ULT', Rev: 1, Len: 148 -> LPIT.aml
3:850  0:023    14. 7A6B0A58: 'WSMT', 'KBL-ULT', Rev: 1, Len: 40 -> WSMT.aml
3:873  0:023    15. 7A6B0A80: 'SSDT', 'sensrhub', Rev: 2, Len: 671 -> SSDT-4-sensrhub.aml
3:900  0:027    16. 7A6B0D20: 'SSDT', 'PtidDevc', Rev: 2, Len: 12290 -> SSDT-5-PtidDevc.aml
3:924  0:023    17. 7A6B3D28: 'DBGP', '', Rev: 1, Len: 52 -> DBGP.aml
3:948  0:023    18. 7A6B3D60: 'DBG2', '', Rev: 0, Len: 84 -> DBG2.aml
3:974  0:026    19. 7A6B3DB8: 'SSDT', 'DptfTabl', Rev: 2, Len: 22272 -> SSDT-6-DptfTabl.aml
3:998  0:024    20. 7A6B94B8: 'BGRT', '', Rev: 0, Len: 56 -> BGRT.aml
4:022  0:023    21. 7A6B94F0: 'SSDT', 'SgUlt', Rev: 2, Len: 641 -> SSDT-7-SgUlt.aml
4:046  0:023    22. 7A6B9778: 'SSDT', 'SgPch', Rev: 2, Len: 1689 -> SSDT-8-SgPch.aml
4:084  0:038    23. 7A6B9E18: 'DMAR', 'KBL', Rev: 1, Len: 240 -> DMAR.aml
4:108  0:023    24. 7A6B9F08: 'TPM2', 'Tpm2Tabl', Rev: 3, Len: 52 -> TPM2.aml
4:131  0:023    25. 7A6B9F40: 'SSDT', 'AmdTabl', Rev: 1, Len: 4522 -> SSDT-9-AmdTabl.aml
4:155  0:023    Tables in Rsdt: 26
4:155  0:000    0. 7A68A1B8: 'FACP', 'CBX3', Rev: 2, Len: 132 -> RSDT-FACP.aml
4:178  0:023        (Dsdt: 7A68A240, Facs: 7AFF2F40)
4:178  0:000        7A68A240: 'DSDT', 'CBX3', Rev: 2, Len: 145465
4:180  0:002        7AFF2F40: 'FACS', Ver: 0, Len: 64 -> RSDT-FACS.aml
4:204  0:023    1. 7A6ADB90: 'APIC', 'CBX3', Rev: 3, Len: 132
4:204  0:000    2. 7A6ADC18: 'FPDT', 'CBX3', Rev: 1, Len: 68
4:204  0:000    3. 7A6ADC60: 'FIDT', 'CBX3', Rev: 1, Len: 156
4:204  0:000    4. 7A6ADD00: 'MCFG', 'CBX3', Rev: 1, Len: 60
4:204  0:000    5. 7A6ADD40: 'HPET', 'CBX3', Rev: 1, Len: 56
4:204  0:000    6. 7A6ADD78: 'SSDT', 'SataTabl', Rev: 1, Len: 802
4:204  0:000    7. 7A6AE0A0: 'BOOT', 'CBX3', Rev: 1, Len: 40
4:204  0:000    8. 7A6AE0C8: 'SSDT', 'SaSsdt', Rev: 2, Len: 4828
4:204  0:000    9. 7A6AF3A8: 'HPET', 'KBL-ULT', Rev: 1, Len: 56
4:204  0:000    10. 7A6AF3E0: 'SSDT', 'xh_OEMBD', Rev: 2, Len: 1717
4:204  0:000    11. 7A6AFA98: 'UEFI', '', Rev: 1, Len: 66
4:204  0:000    12. 7A6AFAE0: 'SSDT', 'CpuSsdt', Rev: 2, Len: 3806
4:204  0:000    13. 7A6B09C0: 'LPIT', 'KBL-ULT', Rev: 1, Len: 148
4:204  0:000    14. 7A6B0A58: 'WSMT', 'KBL-ULT', Rev: 1, Len: 40
4:204  0:000    15. 7A6B0A80: 'SSDT', 'sensrhub', Rev: 2, Len: 671
4:204  0:000    16. 7A6B0D20: 'SSDT', 'PtidDevc', Rev: 2, Len: 12290
4:204  0:000    17. 7A6B3D28: 'DBGP', '', Rev: 1, Len: 52
4:204  0:000    18. 7A6B3D60: 'DBG2', '', Rev: 0, Len: 84
4:204  0:000    19. 7A6B3DB8: 'SSDT', 'DptfTabl', Rev: 2, Len: 22272
4:204  0:000    20. 7A6B94B8: 'BGRT', '', Rev: 0, Len: 56
4:204  0:000    21. 7A6B94F0: 'SSDT', 'SgUlt', Rev: 2, Len: 641
4:204  0:000    22. 7A6B9778: 'SSDT', 'SgPch', Rev: 2, Len: 1689
4:204  0:000    23. 7A6B9E18: 'DMAR', 'KBL', Rev: 1, Len: 240
4:204  0:000    24. 7A6B9F08: 'TPM2', 'Tpm2Tabl', Rev: 3, Len: 52
4:204  0:000    25. 7A6B9F40: 'SSDT', 'AmdTabl', Rev: 1, Len: 4522
4:204  0:000  Found UEFI Acpi 1.0 RSDP at 7A68A000
4:204  0:000  Printing ACPI tables from RSDP 7A68A000 ...
4:204  0:000   7A68A000: 'RSD PTR ', Rev: 2 (Acpi 2.0 or newer), Len: 36
4:204  0:000    (Xsdt: 7A68A0B8, Rsdt: 7A68A028)
4:204  0:000    7A68A0B8: 'XSDT', 'CBX3', Rev: 1, Len: 244
4:204  0:000    7A68A028: 'RSDT', 'CBX3', Rev: 1, Len: 140
4:204  0:000    Tables in Xsdt: 26
4:204  0:000    0. 7A6ADA80: 'FACP', 'CBX3', Rev: 5, Len: 268
4:204  0:000        (Dsdt: 7A68A240, Facs: 7AFF2F80, XDsdt: 7A68A240, XFacs: 0)
4:204  0:000        7A68A240: 'DSDT', 'CBX3', Rev: 2, Len: 145465
4:206  0:002        7AFF2F80: 'FACS', Ver: 2, Len: 64
4:206  0:000    1. 7A6ADB90: 'APIC', 'CBX3', Rev: 3, Len: 132
4:206  0:000    2. 7A6ADC18: 'FPDT', 'CBX3', Rev: 1, Len: 68
4:206  0:000    3. 7A6ADC60: 'FIDT', 'CBX3', Rev: 1, Len: 156
4:206  0:000    4. 7A6ADD00: 'MCFG', 'CBX3', Rev: 1, Len: 60
4:206  0:000    5. 7A6ADD40: 'HPET', 'CBX3', Rev: 1, Len: 56
4:206  0:000    6. 7A6ADD78: 'SSDT', 'SataTabl', Rev: 1, Len: 802
4:206  0:000    7. 7A6AE0A0: 'BOOT', 'CBX3', Rev: 1, Len: 40
4:206  0:000    8. 7A6AE0C8: 'SSDT', 'SaSsdt', Rev: 2, Len: 4828
4:206  0:000    9. 7A6AF3A8: 'HPET', 'KBL-ULT', Rev: 1, Len: 56
4:206  0:000    10. 7A6AF3E0: 'SSDT', 'xh_OEMBD', Rev: 2, Len: 1717
4:206  0:000    11. 7A6AFA98: 'UEFI', '', Rev: 1, Len: 66
4:206  0:000    12. 7A6AFAE0: 'SSDT', 'CpuSsdt', Rev: 2, Len: 3806
4:206  0:000    13. 7A6B09C0: 'LPIT', 'KBL-ULT', Rev: 1, Len: 148
4:206  0:000    14. 7A6B0A58: 'WSMT', 'KBL-ULT', Rev: 1, Len: 40
4:206  0:000    15. 7A6B0A80: 'SSDT', 'sensrhub', Rev: 2, Len: 671
4:206  0:000    16. 7A6B0D20: 'SSDT', 'PtidDevc', Rev: 2, Len: 12290
4:206  0:000    17. 7A6B3D28: 'DBGP', '', Rev: 1, Len: 52
4:206  0:000    18. 7A6B3D60: 'DBG2', '', Rev: 0, Len: 84
4:206  0:000    19. 7A6B3DB8: 'SSDT', 'DptfTabl', Rev: 2, Len: 22272
4:206  0:000    20. 7A6B94B8: 'BGRT', '', Rev: 0, Len: 56
4:206  0:000    21. 7A6B94F0: 'SSDT', 'SgUlt', Rev: 2, Len: 641
4:206  0:000    22. 7A6B9778: 'SSDT', 'SgPch', Rev: 2, Len: 1689
4:206  0:000    23. 7A6B9E18: 'DMAR', 'KBL', Rev: 1, Len: 240
4:206  0:000    24. 7A6B9F08: 'TPM2', 'Tpm2Tabl', Rev: 3, Len: 52
4:206  0:000    25. 7A6B9F40: 'SSDT', 'AmdTabl', Rev: 1, Len: 4522
4:206  0:000    Tables in Rsdt: 26
4:206  0:000    0. 7A68A1B8: 'FACP', 'CBX3', Rev: 2, Len: 132
4:206  0:000        (Dsdt: 7A68A240, Facs: 7AFF2F40)
4:206  0:000        7A68A240: 'DSDT', 'CBX3', Rev: 2, Len: 145465
4:209  0:002        7AFF2F40: 'FACS', Ver: 0, Len: 64
4:209  0:000    1. 7A6ADB90: 'APIC', 'CBX3', Rev: 3, Len: 132
4:209  0:000    2. 7A6ADC18: 'FPDT', 'CBX3', Rev: 1, Len: 68
4:209  0:000    3. 7A6ADC60: 'FIDT', 'CBX3', Rev: 1, Len: 156
4:209  0:000    4. 7A6ADD00: 'MCFG', 'CBX3', Rev: 1, Len: 60
4:209  0:000    5. 7A6ADD40: 'HPET', 'CBX3', Rev: 1, Len: 56
4:209  0:000    6. 7A6ADD78: 'SSDT', 'SataTabl', Rev: 1, Len: 802
4:209  0:000    7. 7A6AE0A0: 'BOOT', 'CBX3', Rev: 1, Len: 40
4:209  0:000    8. 7A6AE0C8: 'SSDT', 'SaSsdt', Rev: 2, Len: 4828
4:209  0:000    9. 7A6AF3A8: 'HPET', 'KBL-ULT', Rev: 1, Len: 56
4:209  0:000    10. 7A6AF3E0: 'SSDT', 'xh_OEMBD', Rev: 2, Len: 1717
4:209  0:000    11. 7A6AFA98: 'UEFI', '', Rev: 1, Len: 66
4:209  0:000    12. 7A6AFAE0: 'SSDT', 'CpuSsdt', Rev: 2, Len: 3806
4:209  0:000    13. 7A6B09C0: 'LPIT', 'KBL-ULT', Rev: 1, Len: 148
4:209  0:000    14. 7A6B0A58: 'WSMT', 'KBL-ULT', Rev: 1, Len: 40
4:209  0:000    15. 7A6B0A80: 'SSDT', 'sensrhub', Rev: 2, Len: 671
4:209  0:000    16. 7A6B0D20: 'SSDT', 'PtidDevc', Rev: 2, Len: 12290
4:209  0:000    17. 7A6B3D28: 'DBGP', '', Rev: 1, Len: 52
4:209  0:000    18. 7A6B3D60: 'DBG2', '', Rev: 0, Len: 84
4:209  0:000    19. 7A6B3DB8: 'SSDT', 'DptfTabl', Rev: 2, Len: 22272
4:209  0:000    20. 7A6B94B8: 'BGRT', '', Rev: 0, Len: 56
4:209  0:000    21. 7A6B94F0: 'SSDT', 'SgUlt', Rev: 2, Len: 641
4:209  0:000    22. 7A6B9778: 'SSDT', 'SgPch', Rev: 2, Len: 1689
4:209  0:000    23. 7A6B9E18: 'DMAR', 'KBL', Rev: 1, Len: 240
4:209  0:000    24. 7A6B9F08: 'TPM2', 'Tpm2Tabl', Rev: 3, Len: 52
4:209  0:000    25. 7A6B9F40: 'SSDT', 'AmdTabl', Rev: 1, Len: 4522
4:244  0:035  Found BIOS RSDP at F0020
4:244  0:000  Printing ACPI tables from RSDP F0020 ...
4:244  0:000   F0020: 'RSD PTR ', Rev: 2 (Acpi 2.0 or newer), Len: 36
4:244  0:000    (Xsdt: 7A68A0B8, Rsdt: 7A68A028)
4:244  0:000    7A68A0B8: 'XSDT', 'CBX3', Rev: 1, Len: 244
4:244  0:000    7A68A028: 'RSDT', 'CBX3', Rev: 1, Len: 140
4:244  0:000    Tables in Xsdt: 26
4:244  0:000    0. 7A6ADA80: 'FACP', 'CBX3', Rev: 5, Len: 268
4:244  0:000        (Dsdt: 7A68A240, Facs: 7AFF2F80, XDsdt: 7A68A240, XFacs: 0)
4:244  0:000        7A68A240: 'DSDT', 'CBX3', Rev: 2, Len: 145465
4:247  0:002        7AFF2F80: 'FACS', Ver: 2, Len: 64
4:247  0:000    1. 7A6ADB90: 'APIC', 'CBX3', Rev: 3, Len: 132
4:247  0:000    2. 7A6ADC18: 'FPDT', 'CBX3', Rev: 1, Len: 68
4:247  0:000    3. 7A6ADC60: 'FIDT', 'CBX3', Rev: 1, Len: 156
4:247  0:000    4. 7A6ADD00: 'MCFG', 'CBX3', Rev: 1, Len: 60
4:247  0:000    5. 7A6ADD40: 'HPET', 'CBX3', Rev: 1, Len: 56
4:247  0:000    6. 7A6ADD78: 'SSDT', 'SataTabl', Rev: 1, Len: 802
4:247  0:000    7. 7A6AE0A0: 'BOOT', 'CBX3', Rev: 1, Len: 40
4:247  0:000    8. 7A6AE0C8: 'SSDT', 'SaSsdt', Rev: 2, Len: 4828
4:247  0:000    9. 7A6AF3A8: 'HPET', 'KBL-ULT', Rev: 1, Len: 56
4:247  0:000    10. 7A6AF3E0: 'SSDT', 'xh_OEMBD', Rev: 2, Len: 1717
4:247  0:000    11. 7A6AFA98: 'UEFI', '', Rev: 1, Len: 66
4:247  0:000    12. 7A6AFAE0: 'SSDT', 'CpuSsdt', Rev: 2, Len: 3806
4:247  0:000    13. 7A6B09C0: 'LPIT', 'KBL-ULT', Rev: 1, Len: 148
4:247  0:000    14. 7A6B0A58: 'WSMT', 'KBL-ULT', Rev: 1, Len: 40
4:247  0:000    15. 7A6B0A80: 'SSDT', 'sensrhub', Rev: 2, Len: 671
4:247  0:000    16. 7A6B0D20: 'SSDT', 'PtidDevc', Rev: 2, Len: 12290
4:247  0:000    17. 7A6B3D28: 'DBGP', '', Rev: 1, Len: 52
4:247  0:000    18. 7A6B3D60: 'DBG2', '', Rev: 0, Len: 84
4:247  0:000    19. 7A6B3DB8: 'SSDT', 'DptfTabl', Rev: 2, Len: 22272
4:247  0:000    20. 7A6B94B8: 'BGRT', '', Rev: 0, Len: 56
4:247  0:000    21. 7A6B94F0: 'SSDT', 'SgUlt', Rev: 2, Len: 641
4:247  0:000    22. 7A6B9778: 'SSDT', 'SgPch', Rev: 2, Len: 1689
4:247  0:000    23. 7A6B9E18: 'DMAR', 'KBL', Rev: 1, Len: 240
4:247  0:000    24. 7A6B9F08: 'TPM2', 'Tpm2Tabl', Rev: 3, Len: 52
4:247  0:000    25. 7A6B9F40: 'SSDT', 'AmdTabl', Rev: 1, Len: 4522
4:247  0:000    Tables in Rsdt: 26
4:247  0:000    0. 7A68A1B8: 'FACP', 'CBX3', Rev: 2, Len: 132
4:247  0:000        (Dsdt: 7A68A240, Facs: 7AFF2F40)
4:247  0:000        7A68A240: 'DSDT', 'CBX3', Rev: 2, Len: 145465
4:249  0:002        7AFF2F40: 'FACS', Ver: 0, Len: 64
4:249  0:000    1. 7A6ADB90: 'APIC', 'CBX3', Rev: 3, Len: 132
4:249  0:000    2. 7A6ADC18: 'FPDT', 'CBX3', Rev: 1, Len: 68
4:249  0:000    3. 7A6ADC60: 'FIDT', 'CBX3', Rev: 1, Len: 156
4:249  0:000    4. 7A6ADD00: 'MCFG', 'CBX3', Rev: 1, Len: 60
4:249  0:000    5. 7A6ADD40: 'HPET', 'CBX3', Rev: 1, Len: 56
4:249  0:000    6. 7A6ADD78: 'SSDT', 'SataTabl', Rev: 1, Len: 802
4:249  0:000    7. 7A6AE0A0: 'BOOT', 'CBX3', Rev: 1, Len: 40
4:249  0:000    8. 7A6AE0C8: 'SSDT', 'SaSsdt', Rev: 2, Len: 4828
4:249  0:000    9. 7A6AF3A8: 'HPET', 'KBL-ULT', Rev: 1, Len: 56
4:249  0:000    10. 7A6AF3E0: 'SSDT', 'xh_OEMBD', Rev: 2, Len: 1717
4:249  0:000    11. 7A6AFA98: 'UEFI', '', Rev: 1, Len: 66
4:249  0:000    12. 7A6AFAE0: 'SSDT', 'CpuSsdt', Rev: 2, Len: 3806
4:249  0:000    13. 7A6B09C0: 'LPIT', 'KBL-ULT', Rev: 1, Len: 148
4:249  0:000    14. 7A6B0A58: 'WSMT', 'KBL-ULT', Rev: 1, Len: 40
4:249  0:000    15. 7A6B0A80: 'SSDT', 'sensrhub', Rev: 2, Len: 671
4:249  0:000    16. 7A6B0D20: 'SSDT', 'PtidDevc', Rev: 2, Len: 12290
4:249  0:000    17. 7A6B3D28: 'DBGP', '', Rev: 1, Len: 52
4:249  0:000    18. 7A6B3D60: 'DBG2', '', Rev: 0, Len: 84
4:249  0:000    19. 7A6B3DB8: 'SSDT', 'DptfTabl', Rev: 2, Len: 22272
4:249  0:000    20. 7A6B94B8: 'BGRT', '', Rev: 0, Len: 56
4:249  0:000    21. 7A6B94F0: 'SSDT', 'SgUlt', Rev: 2, Len: 641
4:249  0:000    22. 7A6B9778: 'SSDT', 'SgPch', Rev: 2, Len: 1689
4:249  0:000    23. 7A6B9E18: 'DMAR', 'KBL', Rev: 1, Len: 240
4:249  0:000    24. 7A6B9F08: 'TPM2', 'Tpm2Tabl', Rev: 3, Len: 52
4:249  0:000    25. 7A6B9F40: 'SSDT', 'AmdTabl', Rev: 1, Len: 4522
4:249  0:000  Found UEFI Acpi 2.0 RSDP at 7A68A000
4:249  0:000  Saving ACPI tables from RSDP 7A68A000 to EFI\CLOVER\ACPI\origin ...
4:249  0:000   7A68A000: 'RSD PTR ', Rev: 2 (Acpi 2.0 or newer), Len: 36
4:249  0:000    (Xsdt: 7A68A0B8, Rsdt: 7A68A028)
4:249  0:000    7A68A0B8: 'XSDT', 'CBX3', Rev: 1, Len: 244
4:249  0:000    7A68A028: 'RSDT', 'CBX3', Rev: 1, Len: 140
4:249  0:000    Tables in Xsdt: 26
4:249  0:000    0. 7A6ADA80: 'FACP', 'CBX3', Rev: 5, Len: 268
4:249  0:000        (Dsdt: 7A68A240, Facs: 7AFF2F80, XDsdt: 7A68A240, XFacs: 0)
4:249  0:000        7A68A240: 'DSDT', 'CBX3', Rev: 2, Len: 145465
4:251  0:002        7AFF2F80: 'FACS', Ver: 2, Len: 64
4:251  0:000    1. 7A6ADB90: 'APIC', 'CBX3', Rev: 3, Len: 132
4:251  0:000    2. 7A6ADC18: 'FPDT', 'CBX3', Rev: 1, Len: 68
4:251  0:000    3. 7A6ADC60: 'FIDT', 'CBX3', Rev: 1, Len: 156
4:251  0:000    4. 7A6ADD00: 'MCFG', 'CBX3', Rev: 1, Len: 60
4:251  0:000    5. 7A6ADD40: 'HPET', 'CBX3', Rev: 1, Len: 56
4:251  0:000    6. 7A6ADD78: 'SSDT', 'SataTabl', Rev: 1, Len: 802
4:251  0:000    7. 7A6AE0A0: 'BOOT', 'CBX3', Rev: 1, Len: 40
4:251  0:000    8. 7A6AE0C8: 'SSDT', 'SaSsdt', Rev: 2, Len: 4828
4:251  0:000    9. 7A6AF3A8: 'HPET', 'KBL-ULT', Rev: 1, Len: 56
4:251  0:000    10. 7A6AF3E0: 'SSDT', 'xh_OEMBD', Rev: 2, Len: 1717
4:251  0:000    11. 7A6AFA98: 'UEFI', '', Rev: 1, Len: 66
4:251  0:000    12. 7A6AFAE0: 'SSDT', 'CpuSsdt', Rev: 2, Len: 3806
4:251  0:000    13. 7A6B09C0: 'LPIT', 'KBL-ULT', Rev: 1, Len: 148
4:251  0:000    14. 7A6B0A58: 'WSMT', 'KBL-ULT', Rev: 1, Len: 40
4:251  0:000    15. 7A6B0A80: 'SSDT', 'sensrhub', Rev: 2, Len: 671
4:251  0:000    16. 7A6B0D20: 'SSDT', 'PtidDevc', Rev: 2, Len: 12290
4:251  0:000    17. 7A6B3D28: 'DBGP', '', Rev: 1, Len: 52
4:251  0:000    18. 7A6B3D60: 'DBG2', '', Rev: 0, Len: 84
4:251  0:000    19. 7A6B3DB8: 'SSDT', 'DptfTabl', Rev: 2, Len: 22272
4:251  0:000    20. 7A6B94B8: 'BGRT', '', Rev: 0, Len: 56
4:251  0:000    21. 7A6B94F0: 'SSDT', 'SgUlt', Rev: 2, Len: 641
4:251  0:000    22. 7A6B9778: 'SSDT', 'SgPch', Rev: 2, Len: 1689
4:251  0:000    23. 7A6B9E18: 'DMAR', 'KBL', Rev: 1, Len: 240
4:251  0:000    24. 7A6B9F08: 'TPM2', 'Tpm2Tabl', Rev: 3, Len: 52
4:251  0:000    25. 7A6B9F40: 'SSDT', 'AmdTabl', Rev: 1, Len: 4522
4:251  0:000    Tables in Rsdt: 26
4:251  0:000    0. 7A68A1B8: 'FACP', 'CBX3', Rev: 2, Len: 132
4:251  0:000        (Dsdt: 7A68A240, Facs: 7AFF2F40)
4:251  0:000        7A68A240: 'DSDT', 'CBX3', Rev: 2, Len: 145465
4:254  0:002        7AFF2F40: 'FACS', Ver: 0, Len: 64
4:254  0:000    1. 7A6ADB90: 'APIC', 'CBX3', Rev: 3, Len: 132
4:254  0:000    2. 7A6ADC18: 'FPDT', 'CBX3', Rev: 1, Len: 68
4:254  0:000    3. 7A6ADC60: 'FIDT', 'CBX3', Rev: 1, Len: 156
4:254  0:000    4. 7A6ADD00: 'MCFG', 'CBX3', Rev: 1, Len: 60
4:254  0:000    5. 7A6ADD40: 'HPET', 'CBX3', Rev: 1, Len: 56
4:254  0:000    6. 7A6ADD78: 'SSDT', 'SataTabl', Rev: 1, Len: 802
4:254  0:000    7. 7A6AE0A0: 'BOOT', 'CBX3', Rev: 1, Len: 40
4:254  0:000    8. 7A6AE0C8: 'SSDT', 'SaSsdt', Rev: 2, Len: 4828
4:254  0:000    9. 7A6AF3A8: 'HPET', 'KBL-ULT', Rev: 1, Len: 56
4:254  0:000    10. 7A6AF3E0: 'SSDT', 'xh_OEMBD', Rev: 2, Len: 1717
4:254  0:000    11. 7A6AFA98: 'UEFI', '', Rev: 1, Len: 66
4:254  0:000    12. 7A6AFAE0: 'SSDT', 'CpuSsdt', Rev: 2, Len: 3806
4:254  0:000    13. 7A6B09C0: 'LPIT', 'KBL-ULT', Rev: 1, Len: 148
4:254  0:000    14. 7A6B0A58: 'WSMT', 'KBL-ULT', Rev: 1, Len: 40
4:254  0:000    15. 7A6B0A80: 'SSDT', 'sensrhub', Rev: 2, Len: 671
4:254  0:000    16. 7A6B0D20: 'SSDT', 'PtidDevc', Rev: 2, Len: 12290
4:254  0:000    17. 7A6B3D28: 'DBGP', '', Rev: 1, Len: 52
4:254  0:000    18. 7A6B3D60: 'DBG2', '', Rev: 0, Len: 84
4:254  0:000    19. 7A6B3DB8: 'SSDT', 'DptfTabl', Rev: 2, Len: 22272
4:254  0:000    20. 7A6B94B8: 'BGRT', '', Rev: 0, Len: 56
4:254  0:000    21. 7A6B94F0: 'SSDT', 'SgUlt', Rev: 2, Len: 641
4:254  0:000    22. 7A6B9778: 'SSDT', 'SgPch', Rev: 2, Len: 1689
4:254  0:000    23. 7A6B9E18: 'DMAR', 'KBL', Rev: 1, Len: 240
4:254  0:000    24. 7A6B9F08: 'TPM2', 'Tpm2Tabl', Rev: 3, Len: 52
4:254  0:000    25. 7A6B9F40: 'SSDT', 'AmdTabl', Rev: 1, Len: 4522
4:254  0:000  Found UEFI Acpi 1.0 RSDP at 7A68A000
4:254  0:000  Printing ACPI tables from RSDP 7A68A000 ...
4:254  0:000   7A68A000: 'RSD PTR ', Rev: 2 (Acpi 2.0 or newer), Len: 36
4:254  0:000    (Xsdt: 7A68A0B8, Rsdt: 7A68A028)
4:254  0:000    7A68A0B8: 'XSDT', 'CBX3', Rev: 1, Len: 244
4:254  0:000    7A68A028: 'RSDT', 'CBX3', Rev: 1, Len: 140
4:254  0:000    Tables in Xsdt: 26
4:254  0:000    0. 7A6ADA80: 'FACP', 'CBX3', Rev: 5, Len: 268
4:254  0:000        (Dsdt: 7A68A240, Facs: 7AFF2F80, XDsdt: 7A68A240, XFacs: 0)
4:254  0:000        7A68A240: 'DSDT', 'CBX3', Rev: 2, Len: 145465
4:256  0:002        7AFF2F80: 'FACS', Ver: 2, Len: 64
4:256  0:000    1. 7A6ADB90: 'APIC', 'CBX3', Rev: 3, Len: 132
4:256  0:000    2. 7A6ADC18: 'FPDT', 'CBX3', Rev: 1, Len: 68
4:256  0:000    3. 7A6ADC60: 'FIDT', 'CBX3', Rev: 1, Len: 156
4:256  0:000    4. 7A6ADD00: 'MCFG', 'CBX3', Rev: 1, Len: 60
4:256  0:000    5. 7A6ADD40: 'HPET', 'CBX3', Rev: 1, Len: 56
4:256  0:000    6. 7A6ADD78: 'SSDT', 'SataTabl', Rev: 1, Len: 802
4:256  0:000    7. 7A6AE0A0: 'BOOT', 'CBX3', Rev: 1, Len: 40
4:256  0:000    8. 7A6AE0C8: 'SSDT', 'SaSsdt', Rev: 2, Len: 4828
4:256  0:000    9. 7A6AF3A8: 'HPET', 'KBL-ULT', Rev: 1, Len: 56
4:256  0:000    10. 7A6AF3E0: 'SSDT', 'xh_OEMBD', Rev: 2, Len: 1717
4:256  0:000    11. 7A6AFA98: 'UEFI', '', Rev: 1, Len: 66
4:256  0:000    12. 7A6AFAE0: 'SSDT', 'CpuSsdt', Rev: 2, Len: 3806
4:256  0:000    13. 7A6B09C0: 'LPIT', 'KBL-ULT', Rev: 1, Len: 148
4:256  0:000    14. 7A6B0A58: 'WSMT', 'KBL-ULT', Rev: 1, Len: 40
4:256  0:000    15. 7A6B0A80: 'SSDT', 'sensrhub', Rev: 2, Len: 671
4:256  0:000    16. 7A6B0D20: 'SSDT', 'PtidDevc', Rev: 2, Len: 12290
4:256  0:000    17. 7A6B3D28: 'DBGP', '', Rev: 1, Len: 52
4:256  0:000    18. 7A6B3D60: 'DBG2', '', Rev: 0, Len: 84
4:256  0:000    19. 7A6B3DB8: 'SSDT', 'DptfTabl', Rev: 2, Len: 22272
4:256  0:000    20. 7A6B94B8: 'BGRT', '', Rev: 0, Len: 56
4:256  0:000    21. 7A6B94F0: 'SSDT', 'SgUlt', Rev: 2, Len: 641
4:256  0:000    22. 7A6B9778: 'SSDT', 'SgPch', Rev: 2, Len: 1689
4:256  0:000    23. 7A6B9E18: 'DMAR', 'KBL', Rev: 1, Len: 240
4:256  0:000    24. 7A6B9F08: 'TPM2', 'Tpm2Tabl', Rev: 3, Len: 52
4:256  0:000    25. 7A6B9F40: 'SSDT', 'AmdTabl', Rev: 1, Len: 4522
4:256  0:000    Tables in Rsdt: 26
4:256  0:000    0. 7A68A1B8: 'FACP', 'CBX3', Rev: 2, Len: 132
4:256  0:000        (Dsdt: 7A68A240, Facs: 7AFF2F40)
4:256  0:000        7A68A240: 'DSDT', 'CBX3', Rev: 2, Len: 145465
4:259  0:002        7AFF2F40: 'FACS', Ver: 0, Len: 64
4:259  0:000    1. 7A6ADB90: 'APIC', 'CBX3', Rev: 3, Len: 132
4:259  0:000    2. 7A6ADC18: 'FPDT', 'CBX3', Rev: 1, Len: 68
4:259  0:000    3. 7A6ADC60: 'FIDT', 'CBX3', Rev: 1, Len: 156
4:259  0:000    4. 7A6ADD00: 'MCFG', 'CBX3', Rev: 1, Len: 60
4:259  0:000    5. 7A6ADD40: 'HPET', 'CBX3', Rev: 1, Len: 56
4:259  0:000    6. 7A6ADD78: 'SSDT', 'SataTabl', Rev: 1, Len: 802
4:259  0:000    7. 7A6AE0A0: 'BOOT', 'CBX3', Rev: 1, Len: 40
4:259  0:000    8. 7A6AE0C8: 'SSDT', 'SaSsdt', Rev: 2, Len: 4828
4:259  0:000    9. 7A6AF3A8: 'HPET', 'KBL-ULT', Rev: 1, Len: 56
4:259  0:000    10. 7A6AF3E0: 'SSDT', 'xh_OEMBD', Rev: 2, Len: 1717
4:259  0:000    11. 7A6AFA98: 'UEFI', '', Rev: 1, Len: 66
4:259  0:000    12. 7A6AFAE0: 'SSDT', 'CpuSsdt', Rev: 2, Len: 3806
4:259  0:000    13. 7A6B09C0: 'LPIT', 'KBL-ULT', Rev: 1, Len: 148
4:259  0:000    14. 7A6B0A58: 'WSMT', 'KBL-ULT', Rev: 1, Len: 40
4:259  0:000    15. 7A6B0A80: 'SSDT', 'sensrhub', Rev: 2, Len: 671
4:259  0:000    16. 7A6B0D20: 'SSDT', 'PtidDevc', Rev: 2, Len: 12290
4:259  0:000    17. 7A6B3D28: 'DBGP', '', Rev: 1, Len: 52
4:259  0:000    18. 7A6B3D60: 'DBG2', '', Rev: 0, Len: 84
4:259  0:000    19. 7A6B3DB8: 'SSDT', 'DptfTabl', Rev: 2, Len: 22272
4:259  0:000    20. 7A6B94B8: 'BGRT', '', Rev: 0, Len: 56
4:259  0:000    21. 7A6B94F0: 'SSDT', 'SgUlt', Rev: 2, Len: 641
4:259  0:000    22. 7A6B9778: 'SSDT', 'SgPch', Rev: 2, Len: 1689
4:259  0:000    23. 7A6B9E18: 'DMAR', 'KBL', Rev: 1, Len: 240
4:259  0:000    24. 7A6B9F08: 'TPM2', 'Tpm2Tabl', Rev: 3, Len: 52
4:259  0:000    25. 7A6B9F40: 'SSDT', 'AmdTabl', Rev: 1, Len: 4522
4:741  0:482  BootVariable of the entry is empty
4:741  0:000  === [ StartLoader ] =======================================
4:741  0:000  Finally: ExternalClock=26MHz BusSpeed=100460kHz CPUFreq=2712MHz PIS: hw.busfrequency=104000000Hz
4:741  0:000  Loading boot.efi  status=Success
4:793  0:051  GetOSVersion: 10.14.6 (18G87)
4:793  0:000  CSR_CFG: CSR_ALLOW_UNTRUSTED_KEXTS | CSR_ALLOW_UNRESTRICTED_FS | CSR_ALLOW_TASK_FOR_PID | CSR_ALLOW_UNRESTRICTED_DTRACE | CSR_ALLOW_UNRESTRICTED_NVRAM
4:793  0:000  Filtering KernelPatches:
4:793  0:000   - [00]: MSR 0xE2 _xcpm_idle instant reboot(c) Pike R. Alpha :: [OS: 10.14.6 | MatchOS: All | MatchBuild: no] ==> allowed by OS
4:793  0:000   - [01]: Disable panic kext logging on 10.13 release kernel (credit vit9696) :: [OS: 10.14.6 | MatchOS: 10.13.x | MatchBuild: no] ==> not allowed by OS
4:793  0:000   - [02]: Disable panic kext logging on 10.14 release kernel (credit vit9696) :: [OS: 10.14.6 | MatchOS: 10.14.x | MatchBuild: no] ==> allowed by OS
4:793  0:000  Will not patch boot.efi
4:793  0:000  === [ PatchSmbios ] =======================================
4:793  0:000  insert table 9 for dev 0:0
4:793  0:000  insert table 9 for dev 0:0
4:793  0:000  insert table 9 for dev 0:0
4:794  0:001  Trusting SMBIOS...
4:794  0:000  Detected alternating SMBIOS channel banks
4:794  0:000  Channels: 2
4:794  0:000  Interleave: 0 2 1 3 4 6 5 7 8 10 9 11 12 14 13 15 16 18 17 19 20 22 21 23
4:794  0:000   partNum=8ATF1G64HZ-2G3H1    
4:794  0:000  SMBIOS Type 17 Index = 0 => 0 0:
4:794  0:000  BANK 0 DIMM0 2400MHz 8192MB
4:794  0:000   partNum=9905700-024.A00G    
4:794  0:000  SMBIOS Type 17 Index = 1 => 1 2:
4:794  0:000  BANK 1 DIMM0 2400MHz 8192MB
4:794  0:000  mTotalSystemMemory = 16384
4:794  0:000  NumberOfMemoryDevices = 2
4:794  0:000  Type20[0]->End = 0x7FFFFF, Type17[0] = 0x2000
4:794  0:000  Type20[1]->End = 0xFFFFFF, Type17[1] = 0x6000
4:794  0:000  Table 131 is present, CPUType=31
4:794  0:000  Change to: 605
4:794  0:000  === [ PatchACPI ] =========================================
4:794  0:000  Xsdt reallocation done
4:794  0:000  old FADT length=10C
4:794  0:000   SignatureFixup: 0x6CE21284 -> 0x0
4:796  0:001  DSDT found in Clover volume OEM folder: EFI\CLOVER\ACPI\patched\DSDT.aml
4:797  0:001  Apply DsdtFixMask=0x00060050
4:797  0:000     drop _DSM mask=0x0000
4:797  0:000  === [ FixBiosDsdt ] =======================================
4:797  0:000  VideoCard devID=0x59168086
4:797  0:000  DisplayADR1[0] = 0x20000, DisplayADR2[0] = 0xFFFE
4:797  0:000  USBADR[0] = 0x140000 and PCIe = 0xFFFE
4:797  0:000  Found Airport BCM at 0x1C0004, 0x0
4:817  0:019  Patching DSDT:
4:817  0:000   - [change OSID to XSID (to avoid match against _OSI XOSI patch)]: pattern 4F534944, patched at: [ (213D6) (145) (E2) (F) (67F) (10B0) ]
4:817  0:000   - [change _OSI to XOSI]: pattern 5F4F5349, patched at: [ (9666) (8118) (3) (11) (18) (1C) (1C) (1A) (18) (18) (18) (18) (FCB3) (3) (D) (D) (D) (13) (14) ]
4:817  0:000   - [change _DSM to XDSM]: disabled
4:817  0:000   - [change EC0 to EC]: pattern 4543305F, bin not found / already patched!
4:817  0:000   - [change H_EC to EC]: disabled
4:817  0:000   - [change ECDV to EC]: disabled
4:817  0:000   - [change HDAS to HDEF]: pattern 48444153, patched at: [ (3F5) (12) (12) (A5A5) (154E) (74) (D) (2B) (32) (4F) (6F) (C3) ]
4:818  0:000   - [change HECI to IMEI]: pattern 48454349, patched at: [ (10899) ]
4:818  0:000   - [change MEI to IMEI]: pattern 4D45495F, bin not found / already patched!
4:818  0:000   - [change GFX0 to IGPU]: pattern 47465830, patched at: [ (1F3) (12) (12) (12) (12) (12) (12) (12) (12) (12) (12) (12) (12) (12) (12) (12) (12) (12) (12) (12) (16) (16) (12) (3634) (D21A) (41) (1B) (C3E) (A) (25BE) (14) (8883) (153D) (39D1) (20E9) (18) (18) (32) (11) (65) (32) (44) ]
4:818  0:000    0 replacements
4:818  0:000  first CPU found at 930A offset 930D
4:818  0:000  score candidate at 9306
4:818  0:000  score inserted in acpi_cpu_score _PR_
4:818  0:000  Found ACPI CPU: CPU0 | CPU1 | CPU2 | CPU3 | CPU4 | CPU5 | CPU6 | CPU7 , within the score: _PR_
4:819  0:000  Start RTC Fix
4:820  0:000  found RTC Length not match, Maybe will cause CMOS reset will patch it.
4:820  0:000  found RTC had IRQNoFlag will move -3 bytes
4:820  0:000  ...len=23908
4:820  0:000  new size written to 1FFA7 shift=0 len=23908
4:820  0:000  len after correct outers 23908
4:820  0:000  Start TMR Fix
4:820  0:000  Start PIC Fix
4:820  0:000  PIC size=A5 at 1FDCF
4:820  0:000  found CRS at 1FDE3 size 8D
4:820  0:000  found PIC had IRQNoFlag will move -3 bytes
4:820  0:000  Fix Device PIC size -3
4:820  0:000  Start HPET Fix
4:822  0:001  PreCleanup XSDT: count=26, length=244
4:822  0:000  PreCleanup XSDT, corrected XSDT: count=26, length=244
4:822  0:000  === [ ACPIPatchedAML ] ====================================
4:822  0:000  AutoMerge pass 1
4:822  0:000  Unsorted
4:822  0:000  Inserting SSDT-FAN.aml from EFI\CLOVER\ACPI\patched: ignore on pass 1
4:822  0:000  Inserting SSDT-7-SgUlt.aml from EFI\CLOVER\ACPI\patched: size=672 @21 ... Success
4:823  0:001  Inserting SSDT-SMBUS.aml from EFI\CLOVER\ACPI\patched: ignore on pass 1
4:823  0:000  Inserting SSDT-PNLF.aml from EFI\CLOVER\ACPI\patched: ignore on pass 1
4:823  0:000  Inserting SSDT-XOSI.aml from EFI\CLOVER\ACPI\patched: ignore on pass 1
4:823  0:000  === [ ACPIDropTables ] ====================================
4:823  0:000  Drop tables from XSDT, SIGN=DMAR TableID=KBL  Length=240
4:823  0:000   Table[23]: DMAR  KBL   240 dropped
4:823  0:000  0. [change OSID to XSID (to avoid match against _OSI XOSI patch)]: pattern 4F534944, bin not found / already patched!
4:823  0:000  1. [change _OSI to XOSI]: pattern 5F4F5349, bin not found / already patched!
4:823  0:000  2. [change _DSM to XDSM]: disabled
4:823  0:000  3. [change EC0 to EC]: pattern 4543305F, bin not found / already patched!
4:823  0:000  4. [change H_EC to EC]: disabled
4:823  0:000  5. [change ECDV to EC]: disabled
4:823  0:000  6. [change HDAS to HDEF]: pattern 48444153, bin not found / already patched!
4:823  0:000  7. [change HECI to IMEI]: pattern 48454349, bin not found / already patched!
4:823  0:000  8. [change MEI to IMEI]: pattern 4D45495F, bin not found / already patched!
4:823  0:000  9. [change GFX0 to IGPU]: pattern 47465830, bin not found / already patched!
4:823  0:000    0 replacements
4:823  0:000  0. [change OSID to XSID (to avoid match against _OSI XOSI patch)]: pattern 4F534944, bin not found / already patched!
4:823  0:000  1. [change _OSI to XOSI]: pattern 5F4F5349, bin not found / already patched!
4:823  0:000  2. [change _DSM to XDSM]: disabled
4:823  0:000  3. [change EC0 to EC]: pattern 4543305F, bin not found / already patched!
4:823  0:000  4. [change H_EC to EC]: disabled
4:823  0:000  5. [change ECDV to EC]: disabled
4:823  0:000  6. [change HDAS to HDEF]: pattern 48444153, bin not found / already patched!
4:823  0:000  7. [change HECI to IMEI]: pattern 48454349, bin not found / already patched!
4:823  0:000  8. [change MEI to IMEI]: pattern 4D45495F, bin not found / already patched!
4:823  0:000  9. [change GFX0 to IGPU]: pattern 47465830, patched at: [ (2D) (54) (29A) (871) (1D) (6E2) ]
4:823  0:000    0 replacements
4:823  0:000  Found OperationRegion(SANV, SystemMemory, 7AFF2A18, ...)
4:823  0:000  0. [change OSID to XSID (to avoid match against _OSI XOSI patch)]: pattern 4F534944, bin not found / already patched!
4:823  0:000  1. [change _OSI to XOSI]: pattern 5F4F5349, bin not found / already patched!
4:823  0:000  2. [change _DSM to XDSM]: disabled
4:823  0:000  3. [change EC0 to EC]: pattern 4543305F, bin not found / already patched!
4:823  0:000  4. [change H_EC to EC]: disabled
4:823  0:000  5. [change ECDV to EC]: disabled
4:823  0:000  6. [change HDAS to HDEF]: pattern 48444153, bin not found / already patched!
4:823  0:000  7. [change HECI to IMEI]: pattern 48454349, bin not found / already patched!
4:823  0:000  8. [change MEI to IMEI]: pattern 4D45495F, bin not found / already patched!
4:823  0:000  9. [change GFX0 to IGPU]: pattern 47465830, bin not found / already patched!
4:823  0:000    0 replacements
4:823  0:000  0. [change OSID to XSID (to avoid match against _OSI XOSI patch)]: pattern 4F534944, bin not found / already patched!
4:823  0:000  1. [change _OSI to XOSI]: pattern 5F4F5349, bin not found / already patched!
4:823  0:000  2. [change _DSM to XDSM]: disabled
4:823  0:000  3. [change EC0 to EC]: pattern 4543305F, bin not found / already patched!
4:823  0:000  4. [change H_EC to EC]: disabled
4:823  0:000  5. [change ECDV to EC]: disabled
4:823  0:000  6. [change HDAS to HDEF]: pattern 48444153, bin not found / already patched!
4:823  0:000  7. [change HECI to IMEI]: pattern 48454349, bin not found / already patched!
4:823  0:000  8. [change MEI to IMEI]: pattern 4D45495F, bin not found / already patched!
4:823  0:000  9. [change GFX0 to IGPU]: pattern 47465830, bin not found / already patched!
4:823  0:000    0 replacements
4:823  0:000  Found OperationRegion(PNVS, SystemMemory, 70547000, ...)
4:823  0:000  0. [change OSID to XSID (to avoid match against _OSI XOSI patch)]: pattern 4F534944, bin not found / already patched!
4:823  0:000  1. [change _OSI to XOSI]: pattern 5F4F5349, bin not found / already patched!
4:823  0:000  2. [change _DSM to XDSM]: disabled
4:823  0:000  3. [change EC0 to EC]: pattern 4543305F, bin not found / already patched!
4:823  0:000  4. [change H_EC to EC]: disabled
4:823  0:000  5. [change ECDV to EC]: disabled
4:823  0:000  6. [change HDAS to HDEF]: pattern 48444153, bin not found / already patched!
4:823  0:000  7. [change HECI to IMEI]: pattern 48454349, bin not found / already patched!
4:823  0:000  8. [change MEI to IMEI]: pattern 4D45495F, bin not found / already patched!
4:823  0:000  9. [change GFX0 to IGPU]: pattern 47465830, bin not found / already patched!
4:823  0:000    0 replacements
4:823  0:000  0. [change OSID to XSID (to avoid match against _OSI XOSI patch)]: pattern 4F534944, bin not found / already patched!
4:823  0:000  1. [change _OSI to XOSI]: pattern 5F4F5349, bin not found / already patched!
4:823  0:000  2. [change _DSM to XDSM]: disabled
4:823  0:000  3. [change EC0 to EC]: pattern 4543305F, bin not found / already patched!
4:823  0:000  4. [change H_EC to EC]: disabled
4:823  0:000  5. [change ECDV to EC]: disabled
4:823  0:000  6. [change HDAS to HDEF]: pattern 48444153, bin not found / already patched!
4:823  0:000  7. [change HECI to IMEI]: pattern 48454349, bin not found / already patched!
4:823  0:000  8. [change MEI to IMEI]: pattern 4D45495F, bin not found / already patched!
4:823  0:000  9. [change GFX0 to IGPU]: pattern 47465830, bin not found / already patched!
4:823  0:000    0 replacements
4:823  0:000  0. [change OSID to XSID (to avoid match against _OSI XOSI patch)]: pattern 4F534944, bin not found / already patched!
4:823  0:000  1. [change _OSI to XOSI]: pattern 5F4F5349, bin not found / already patched!
4:823  0:000  2. [change _DSM to XDSM]: disabled
4:823  0:000  3. [change EC0 to EC]: pattern 4543305F, bin not found / already patched!
4:823  0:000  4. [change H_EC to EC]: disabled
4:823  0:000  5. [change ECDV to EC]: disabled
4:823  0:000  6. [change HDAS to HDEF]: pattern 48444153, bin not found / already patched!
4:823  0:000  7. [change HECI to IMEI]: pattern 48454349, bin not found / already patched!
4:823  0:000  8. [change MEI to IMEI]: pattern 4D45495F, bin not found / already patched!
4:823  0:000  9. [change GFX0 to IGPU]: pattern 47465830, bin not found / already patched!
4:823  0:000    0 replacements
4:824  0:000  0. [change OSID to XSID (to avoid match against _OSI XOSI patch)]: pattern 4F534944, bin not found / already patched!
4:824  0:000  1. [change _OSI to XOSI]: pattern 5F4F5349, bin not found / already patched!
4:824  0:000  2. [change _DSM to XDSM]: disabled
4:824  0:000  3. [change EC0 to EC]: pattern 4543305F, bin not found / already patched!
4:824  0:000  4. [change H_EC to EC]: disabled
4:824  0:000  5. [change ECDV to EC]: disabled
4:824  0:000  6. [change HDAS to HDEF]: pattern 48444153, bin not found / already patched!
4:824  0:000  7. [change HECI to IMEI]: pattern 48454349, bin not found / already patched!
4:824  0:000  8. [change MEI to IMEI]: pattern 4D45495F, bin not found / already patched!
4:824  0:000  9. [change GFX0 to IGPU]: pattern 47465830, bin not found / already patched!
4:824  0:000    0 replacements
4:824  0:000  0. [change OSID to XSID (to avoid match against _OSI XOSI patch)]: pattern 4F534944, bin not found / already patched!
4:824  0:000  1. [change _OSI to XOSI]: pattern 5F4F5349, bin not found / already patched!
4:824  0:000  2. [change _DSM to XDSM]: disabled
4:824  0:000  3. [change EC0 to EC]: pattern 4543305F, bin not found / already patched!
4:824  0:000  4. [change H_EC to EC]: disabled
4:824  0:000  5. [change ECDV to EC]: disabled
4:824  0:000  6. [change HDAS to HDEF]: pattern 48444153, bin not found / already patched!
4:824  0:000  7. [change HECI to IMEI]: pattern 48454349, bin not found / already patched!
4:824  0:000  8. [change MEI to IMEI]: pattern 4D45495F, bin not found / already patched!
4:824  0:000  9. [change GFX0 to IGPU]: pattern 47465830, bin not found / already patched!
4:824  0:000    0 replacements
4:824  0:000  0. [change OSID to XSID (to avoid match against _OSI XOSI patch)]: pattern 4F534944, bin not found / already patched!
4:824  0:000  1. [change _OSI to XOSI]: pattern 5F4F5349, bin not found / already patched!
4:824  0:000  2. [change _DSM to XDSM]: disabled
4:824  0:000  3. [change EC0 to EC]: pattern 4543305F, bin not found / already patched!
4:824  0:000  4. [change H_EC to EC]: disabled
4:824  0:000  5. [change ECDV to EC]: disabled
4:824  0:000  6. [change HDAS to HDEF]: pattern 48444153, bin not found / already patched!
4:824  0:000  7. [change HECI to IMEI]: pattern 48454349, bin not found / already patched!
4:824  0:000  8. [change MEI to IMEI]: pattern 4D45495F, bin not found / already patched!
4:824  0:000  9. [change GFX0 to IGPU]: pattern 47465830, patched at: [ (55) (198) (2C) (7A) (BBF) (10) (18) (10) (6D) (13) (10) (17) (12) (13) (12) (10) (35) (1D) (11) (10) (2A) (10) (27) (11) (10) (29) (27) (11) (10) (29) (10) ]
4:824  0:000    0 replacements
4:824  0:000  === [ ACPIPatchedAML ] ====================================
4:824  0:000  AutoMerge pass 2
4:824  0:000  Unsorted
4:824  0:000  Inserting SSDT-FAN.aml from EFI\CLOVER\ACPI\patched: size=458 ... Success
4:824  0:000  Inserting SSDT-SMBUS.aml from EFI\CLOVER\ACPI\patched: size=138 ... Success
4:824  0:000  Inserting SSDT-PNLF.aml from EFI\CLOVER\ACPI\patched: size=1128 ... Success
4:825  0:000  Inserting SSDT-XOSI.aml from EFI\CLOVER\ACPI\patched: size=206 ... Success
4:826  0:001  CPUBase=0 and ApicCPUBase=1 ApicCPUNum=1
4:826  0:000  Maximum control=0x1B
4:826  0:000  Turbo control=0x1F
4:826  0:000  P-States: min 0x4, max 0x1F
4:826  0:000  SSDT with plugin-type without P-States is generated
4:826  0:000  Cleanup XSDT: count=31, length=284
4:826  0:000  corrected XSDT count=30, length=276
4:826  0:000  === [ RestSetup macOS ] ===================================
4:826  0:000  EdidDiscovered size=128
4:826  0:000  --- Discovered EDID Table size:128
4:826  0:000  000  |  00  FF  FF  FF  FF  FF  FF  00  09  E5
4:826  0:000  010  |  BA  06  00  00  00  00  01  1A  01  04
4:826  0:000  020  |  95  22  13  78  02  B0  90  97  58  54
4:826  0:000  030  |  92  26  1D  50  54  00  00  00  01  01
4:826  0:000  040  |  01  01  01  01  01  01  01  01  01  01
4:826  0:000  050  |  01  01  01  01  3C  37  80  DE  70  38
4:826  0:000  060  |  14  40  30  20  36  00  58  C1  10  00
4:826  0:000  070  |  00  1A  00  00  00  00  00  00  00  00
4:826  0:000  080  |  00  00  00  00  00  00  00  00  00  00
4:826  0:000  090  |  00  00  00  FE  00  42  4F  45  20  43
4:826  0:000  100  |  51  0A  20  20  20  20  20  20  00  00
4:826  0:000  110  |  00  FE  00  4E  54  31  35  36  46  48
4:826  0:000  120  |  4D  2D  4E  34  31  0A  00  FF
4:826  0:000  add device: PciRoot(0x0)/Pci(0x1F,0x3)
4:826  0:000     Add key=no-controller-patch valuelen=4
4:826  0:000     Add key=layout-id valuelen=4
4:826  0:000     Add key=hda-gfx valuelen=10
4:826  0:000     Add key=PinConfigurations valuelen=0
4:826  0:000  add device: PciRoot(0x0)/Pci(0x2,0x0)
4:826  0:000     Add key=hda-gfx valuelen=10
4:826  0:000     Add key=framebuffer-stolenmem valuelen=4
4:826  0:000     Add key=framebuffer-patch-enable valuelen=4
4:826  0:000     Add key=framebuffer-fbmem valuelen=4
4:826  0:000     Add key=framebuffer-con1-type valuelen=4
4:826  0:000     Add key=framebuffer-con1-pipe valuelen=4
4:826  0:000     Add key=framebuffer-con1-enable valuelen=4
4:826  0:000     Add key=device-id valuelen=4
4:826  0:000     Add key=AAPL,ig-platform-id valuelen=4
4:826  0:000  Intel GFX injection not set
4:826  0:000  ATI injection not set
4:826  0:000   RCBA disabled; cannot use it
4:826  0:000  stringlength = 2082
4:827  0:000  CurrentMode: Width=1920 Height=1080
4:827  0:000  Beginning FSInjection
FSInjectionInstall ...
- Our FSI_SIMPLE_FILE_SYSTEM_PROTOCOL installed on handle: 75AFAB98
FSInjectionInstall ...
- Our FSI_SIMPLE_FILE_SYSTEM_PROTOCOL installed on handle: 75AFAB98
4:833  0:006  Remap smbios table type 1 guid.
4:854  0:020  Preparing kexts injection for arch=x86_64 from EFI\CLOVER\kexts\Other
4:854  0:000  SetStartupDiskVolume:
4:854  0:000    * Volume: 'MacOS'
4:854  0:000    * LoaderPath: '<null string>'
4:854  0:000    * DevPath: MacOS
4:854  0:000    * GUID = EE768CDC-E318-4278-AF2A-48FA308E1434
4:854  0:000    * efi-boot-device: <array><dict><key>IOMatch</key><dict><key>IOProviderClass</key><string>IOMedia</string><key>IOPropertyMatch</key><dict><key>UUID</key><string>EE768CDC-E318-4278-AF2A-48FA308E1434</string></dict></dict></dict></array>
4:854  0:000  SetScreenResolution: 1920x1080 - already set
4:854  0:000  Custom boot is disabled
4:856  0:001  Closing log
